2024-11-12 21:48:11,337 - DEBUG - Python executable: C:\Users\deckl\Documents\GitHub\DLSS Updater\DLSS-Updater\dist\DLSS_Updater\DLSS_Updater.exe
2024-11-12 21:48:11,338 - DEBUG - sys.path: ['C:\\Users\\deckl\\Documents\\GitHub\\DLSS Updater\\DLSS-Updater\\dist\\DLSS_Updater', 'C:\\Users\\deckl\\Documents\\GitHub\\DLSS Updater\\DLSS-Updater\\dist\\DLSS_Updater\\_internal\\base_library.zip', 'C:\\Users\\deckl\\Documents\\GitHub\\DLSS Updater\\DLSS-Updater\\dist\\DLSS_Updater\\_internal\\lib-dynload', 'C:\\Users\\deckl\\Documents\\GitHub\\DLSS Updater\\DLSS-Updater\\dist\\DLSS_Updater\\_internal']
2024-11-12 21:48:11,338 - INFO - DLSS Updater started
2024-11-12 21:48:11,356 - INFO - Re-running script with admin privileges...
2024-11-12 21:48:12,565 - DEBUG - Python executable: C:\Users\deckl\Documents\GitHub\DLSS Updater\DLSS-Updater\dist\DLSS_Updater\DLSS_Updater.exe
2024-11-12 21:48:12,565 - DEBUG - sys.path: ['C:\\Users\\deckl\\Documents\\GitHub\\DLSS Updater\\DLSS-Updater\\dist\\DLSS_Updater', 'C:\\Users\\deckl\\Documents\\GitHub\\DLSS Updater\\DLSS-Updater\\dist\\DLSS_Updater\\_internal\\base_library.zip', 'C:\\Users\\deckl\\Documents\\GitHub\\DLSS Updater\\DLSS-Updater\\dist\\DLSS_Updater\\_internal\\lib-dynload', 'C:\\Users\\deckl\\Documents\\GitHub\\DLSS Updater\\DLSS-Updater\\dist\\DLSS_Updater\\_internal']
2024-11-12 21:48:12,565 - INFO - DLSS Updater started
2024-11-12 21:48:12,571 - INFO - DLSS Updater version 2.2.6
2024-11-12 21:48:12,571 - INFO - Starting DLL search...
2024-11-12 21:48:12,571 - INFO - Checking for updates...
2024-11-12 21:48:12,572 - INFO - Checking for updates...
2024-11-12 21:48:12,789 - INFO - No updates available. You have the latest version.
2024-11-12 21:48:12,790 - INFO - Looking for release notes at: C:\Users\deckl\Documents\GitHub\DLSS Updater\DLSS-Updater\dist\DLSS_Updater\_internal\release_notes.txt
2024-11-12 21:48:12,795 - INFO - 
Release Notes:
2024-11-12 21:48:12,795 - INFO - Version 2.2.4:
Minor updates to the Chocolatey package description.
Detached the whitelist to a separate repository so new versions do not need to be downloaded for an update.
Updates to associated documentation.
Experimental support for bytecode optimisation with PyInstaller.

Version 2.2.5:
Add experimental code for handling of Warframe and removed from the whitelist, it is disabled for now.
Performance improvements for whitelist matches.
Minor bug fixes.
Increase bytecode optimisation to level 2 to decrease file sizes.

Version 2.2.6:
Nvidia DLSS DLL updated to version 3.8.10.0 from the release driver 556.14.


2024-11-12 21:48:12,795 - INFO - Searching for DLSS DLLs...
2024-11-12 21:48:12,795 - INFO - Starting find_all_dlss_dlls function
2024-11-12 21:48:12,795 - INFO - Checking Steam...
2024-11-12 21:48:12,806 - DEBUG - Checking DLL: C:\Program Files (x86)\Steam\steamapps\common\Delta Force Demo\Game\DeltaForce\Plugins\Runtime\Nvidia\DLSS\Binaries\ThirdParty\Win64\nvngx_dlss.dll
2024-11-12 21:48:12,806 - DEBUG - Checking whitelist for: C:\Program Files (x86)\Steam\steamapps\common\Delta Force Demo\Game\DeltaForce\Plugins\Runtime\Nvidia\DLSS\Binaries\ThirdParty\Win64\nvngx_dlss.dll
2024-11-12 21:48:12,806 - DEBUG - Checking against whitelisted game: EVIL DEAD The Game
2024-11-12 21:48:12,806 - DEBUG - Checking against whitelisted game: Squad
2024-11-12 21:48:12,806 - DEBUG - Checking against whitelisted game: Squad 44
2024-11-12 21:48:12,806 - DEBUG - Checking against whitelisted game: 3DMark
2024-11-12 21:48:12,806 - DEBUG - Checking against whitelisted game: Fortnite
2024-11-12 21:48:12,806 - DEBUG - Checking against whitelisted game: Escape from Tarkov Arena
2024-11-12 21:48:12,806 - DEBUG - Checking against whitelisted game: Escape From Tarkov
2024-11-12 21:48:12,806 - DEBUG - Checking against whitelisted game: Space Marine 2
2024-11-12 21:48:12,806 - DEBUG - Checking against whitelisted game: The First Descendant
2024-11-12 21:48:12,806 - DEBUG - Checking against whitelisted game: Chivalry 2
2024-11-12 21:48:12,806 - DEBUG - Checking against whitelisted game: StarshipTroopersExtermination
2024-11-12 21:48:12,806 - DEBUG - Checking against whitelisted game: Planetside 2
2024-11-12 21:48:12,806 - DEBUG - Checking against whitelisted game: Throne and Liberty
2024-11-12 21:48:12,807 - DEBUG - Checking against whitelisted game: Back 4 Blood
2024-11-12 21:48:12,807 - DEBUG - Checking against whitelisted game: Need For Speed Unbound
2024-11-12 21:48:12,807 - DEBUG - Checking against whitelisted game: Dark and Darker
2024-11-12 21:48:12,807 - DEBUG - Checking against whitelisted game: Hunt Showdown
2024-11-12 21:48:12,807 - DEBUG - Checking against whitelisted game: AFOP
2024-11-12 21:48:12,807 - DEBUG - No whitelist match found for: C:\Program Files (x86)\Steam\steamapps\common\Delta Force Demo\Game\DeltaForce\Plugins\Runtime\Nvidia\DLSS\Binaries\ThirdParty\Win64\nvngx_dlss.dll
2024-11-12 21:48:12,807 - INFO - Found non-whitelisted DLSS DLL in Steam: C:\Program Files (x86)\Steam\steamapps\common\Delta Force Demo\Game\DeltaForce\Plugins\Runtime\Nvidia\DLSS\Binaries\ThirdParty\Win64\nvngx_dlss.dll
2024-11-12 21:48:12,807 - DEBUG - Checking DLL: C:\Program Files (x86)\Steam\steamapps\common\Delta Force Demo\Game\DeltaForce\Plugins\Runtime\Nvidia\Sreamline\Binaries\ThirdParty\Win64\nvngx_dlssg.dll
2024-11-12 21:48:12,807 - DEBUG - Checking whitelist for: C:\Program Files (x86)\Steam\steamapps\common\Delta Force Demo\Game\DeltaForce\Plugins\Runtime\Nvidia\Sreamline\Binaries\ThirdParty\Win64\nvngx_dlssg.dll
2024-11-12 21:48:12,808 - DEBUG - Checking against whitelisted game: EVIL DEAD The Game
2024-11-12 21:48:12,808 - DEBUG - Checking against whitelisted game: Squad
2024-11-12 21:48:12,808 - DEBUG - Checking against whitelisted game: Squad 44
2024-11-12 21:48:12,808 - DEBUG - Checking against whitelisted game: 3DMark
2024-11-12 21:48:12,808 - DEBUG - Checking against whitelisted game: Fortnite
2024-11-12 21:48:12,808 - DEBUG - Checking against whitelisted game: Escape from Tarkov Arena
2024-11-12 21:48:12,808 - DEBUG - Checking against whitelisted game: Escape From Tarkov
2024-11-12 21:48:12,808 - DEBUG - Checking against whitelisted game: Space Marine 2
2024-11-12 21:48:12,808 - DEBUG - Checking against whitelisted game: The First Descendant
2024-11-12 21:48:12,808 - DEBUG - Checking against whitelisted game: Chivalry 2
2024-11-12 21:48:12,808 - DEBUG - Checking against whitelisted game: StarshipTroopersExtermination
2024-11-12 21:48:12,808 - DEBUG - Checking against whitelisted game: Planetside 2
2024-11-12 21:48:12,808 - DEBUG - Checking against whitelisted game: Throne and Liberty
2024-11-12 21:48:12,808 - DEBUG - Checking against whitelisted game: Back 4 Blood
2024-11-12 21:48:12,808 - DEBUG - Checking against whitelisted game: Need For Speed Unbound
2024-11-12 21:48:12,808 - DEBUG - Checking against whitelisted game: Dark and Darker
2024-11-12 21:48:12,809 - DEBUG - Checking against whitelisted game: Hunt Showdown
2024-11-12 21:48:12,809 - DEBUG - Checking against whitelisted game: AFOP
2024-11-12 21:48:12,809 - DEBUG - No whitelist match found for: C:\Program Files (x86)\Steam\steamapps\common\Delta Force Demo\Game\DeltaForce\Plugins\Runtime\Nvidia\Sreamline\Binaries\ThirdParty\Win64\nvngx_dlssg.dll
2024-11-12 21:48:12,809 - INFO - Found non-whitelisted DLSS DLL in Steam: C:\Program Files (x86)\Steam\steamapps\common\Delta Force Demo\Game\DeltaForce\Plugins\Runtime\Nvidia\Sreamline\Binaries\ThirdParty\Win64\nvngx_dlssg.dll
2024-11-12 21:48:12,819 - DEBUG - Checking DLL: D:\SteamLibrary\steamapps\common\3DMark\bin\x64\nvngx_dlss.dll
2024-11-12 21:48:12,819 - DEBUG - Checking whitelist for: D:\SteamLibrary\steamapps\common\3DMark\bin\x64\nvngx_dlss.dll
2024-11-12 21:48:12,819 - DEBUG - Checking against whitelisted game: EVIL DEAD The Game
2024-11-12 21:48:12,819 - DEBUG - Checking against whitelisted game: Squad
2024-11-12 21:48:12,819 - DEBUG - Checking against whitelisted game: Squad 44
2024-11-12 21:48:12,819 - DEBUG - Checking against whitelisted game: 3DMark
2024-11-12 21:48:12,819 - INFO - Whitelist match found: 3DMark in D:\SteamLibrary\steamapps\common\3DMark\bin\x64\nvngx_dlss.dll
2024-11-12 21:48:12,819 - INFO - Skipped whitelisted game in Steam: D:\SteamLibrary\steamapps\common\3DMark\bin\x64\nvngx_dlss.dll
2024-11-12 21:48:12,820 - DEBUG - Checking DLL: D:\SteamLibrary\steamapps\common\3DMark\bin\x64\dxr\nvngx_dlss.dll
2024-11-12 21:48:12,820 - DEBUG - Checking whitelist for: D:\SteamLibrary\steamapps\common\3DMark\bin\x64\dxr\nvngx_dlss.dll
2024-11-12 21:48:12,820 - DEBUG - Checking against whitelisted game: EVIL DEAD The Game
2024-11-12 21:48:12,820 - DEBUG - Checking against whitelisted game: Squad
2024-11-12 21:48:12,820 - DEBUG - Checking against whitelisted game: Squad 44
2024-11-12 21:48:12,820 - DEBUG - Checking against whitelisted game: 3DMark
2024-11-12 21:48:12,820 - INFO - Whitelist match found: 3DMark in D:\SteamLibrary\steamapps\common\3DMark\bin\x64\dxr\nvngx_dlss.dll
2024-11-12 21:48:12,820 - INFO - Skipped whitelisted game in Steam: D:\SteamLibrary\steamapps\common\3DMark\bin\x64\dxr\nvngx_dlss.dll
2024-11-12 21:48:12,821 - DEBUG - Checking DLL: D:\SteamLibrary\steamapps\common\3DMark\bin\x64\dxr2\nvngx_dlss.dll
2024-11-12 21:48:12,821 - DEBUG - Checking whitelist for: D:\SteamLibrary\steamapps\common\3DMark\bin\x64\dxr2\nvngx_dlss.dll
2024-11-12 21:48:12,821 - DEBUG - Checking against whitelisted game: EVIL DEAD The Game
2024-11-12 21:48:12,821 - DEBUG - Checking against whitelisted game: Squad
2024-11-12 21:48:12,821 - DEBUG - Checking against whitelisted game: Squad 44
2024-11-12 21:48:12,821 - DEBUG - Checking against whitelisted game: 3DMark
2024-11-12 21:48:12,821 - INFO - Whitelist match found: 3DMark in D:\SteamLibrary\steamapps\common\3DMark\bin\x64\dxr2\nvngx_dlss.dll
2024-11-12 21:48:12,821 - INFO - Skipped whitelisted game in Steam: D:\SteamLibrary\steamapps\common\3DMark\bin\x64\dxr2\nvngx_dlss.dll
2024-11-12 21:48:12,829 - DEBUG - Checking DLL: D:\SteamLibrary\steamapps\common\3DMark\dlc\nvidia-dlss-test\nvidia-dlss-test-1\bin\x64\nvngx_dlss.dll
2024-11-12 21:48:12,829 - DEBUG - Checking whitelist for: D:\SteamLibrary\steamapps\common\3DMark\dlc\nvidia-dlss-test\nvidia-dlss-test-1\bin\x64\nvngx_dlss.dll
2024-11-12 21:48:12,829 - DEBUG - Checking against whitelisted game: EVIL DEAD The Game
2024-11-12 21:48:12,829 - DEBUG - Checking against whitelisted game: Squad
2024-11-12 21:48:12,829 - DEBUG - Checking against whitelisted game: Squad 44
2024-11-12 21:48:12,829 - DEBUG - Checking against whitelisted game: 3DMark
2024-11-12 21:48:12,829 - INFO - Whitelist match found: 3DMark in D:\SteamLibrary\steamapps\common\3DMark\dlc\nvidia-dlss-test\nvidia-dlss-test-1\bin\x64\nvngx_dlss.dll
2024-11-12 21:48:12,829 - INFO - Skipped whitelisted game in Steam: D:\SteamLibrary\steamapps\common\3DMark\dlc\nvidia-dlss-test\nvidia-dlss-test-1\bin\x64\nvngx_dlss.dll
2024-11-12 21:48:12,830 - DEBUG - Checking DLL: D:\SteamLibrary\steamapps\common\3DMark\dlc\nvidia-dlss-test\nvidia-dlss-test-2\bin\x64\nvngx_dlss.dll
2024-11-12 21:48:12,830 - DEBUG - Checking whitelist for: D:\SteamLibrary\steamapps\common\3DMark\dlc\nvidia-dlss-test\nvidia-dlss-test-2\bin\x64\nvngx_dlss.dll
2024-11-12 21:48:12,830 - DEBUG - Checking against whitelisted game: EVIL DEAD The Game
2024-11-12 21:48:12,830 - DEBUG - Checking against whitelisted game: Squad
2024-11-12 21:48:12,830 - DEBUG - Checking against whitelisted game: Squad 44
2024-11-12 21:48:12,830 - DEBUG - Checking against whitelisted game: 3DMark
2024-11-12 21:48:12,830 - INFO - Whitelist match found: 3DMark in D:\SteamLibrary\steamapps\common\3DMark\dlc\nvidia-dlss-test\nvidia-dlss-test-2\bin\x64\nvngx_dlss.dll
2024-11-12 21:48:12,830 - INFO - Skipped whitelisted game in Steam: D:\SteamLibrary\steamapps\common\3DMark\dlc\nvidia-dlss-test\nvidia-dlss-test-2\bin\x64\nvngx_dlss.dll
2024-11-12 21:48:12,830 - DEBUG - Checking DLL: D:\SteamLibrary\steamapps\common\3DMark\dlc\nvidia-dlss-test\nvidia-dlss-test-3\bin\x64\nvngx_dlss.dll
2024-11-12 21:48:12,831 - DEBUG - Checking whitelist for: D:\SteamLibrary\steamapps\common\3DMark\dlc\nvidia-dlss-test\nvidia-dlss-test-3\bin\x64\nvngx_dlss.dll
2024-11-12 21:48:12,831 - DEBUG - Checking against whitelisted game: EVIL DEAD The Game
2024-11-12 21:48:12,831 - DEBUG - Checking against whitelisted game: Squad
2024-11-12 21:48:12,831 - DEBUG - Checking against whitelisted game: Squad 44
2024-11-12 21:48:12,831 - DEBUG - Checking against whitelisted game: 3DMark
2024-11-12 21:48:12,831 - INFO - Whitelist match found: 3DMark in D:\SteamLibrary\steamapps\common\3DMark\dlc\nvidia-dlss-test\nvidia-dlss-test-3\bin\x64\nvngx_dlss.dll
2024-11-12 21:48:12,831 - INFO - Skipped whitelisted game in Steam: D:\SteamLibrary\steamapps\common\3DMark\dlc\nvidia-dlss-test\nvidia-dlss-test-3\bin\x64\nvngx_dlss.dll
2024-11-12 21:48:12,831 - DEBUG - Checking DLL: D:\SteamLibrary\steamapps\common\3DMark\dlc\nvidia-dlss-test\nvidia-dlss-test-3\bin\x64\nvngx_dlssg.dll
2024-11-12 21:48:12,831 - DEBUG - Checking whitelist for: D:\SteamLibrary\steamapps\common\3DMark\dlc\nvidia-dlss-test\nvidia-dlss-test-3\bin\x64\nvngx_dlssg.dll
2024-11-12 21:48:12,831 - DEBUG - Checking against whitelisted game: EVIL DEAD The Game
2024-11-12 21:48:12,831 - DEBUG - Checking against whitelisted game: Squad
2024-11-12 21:48:12,831 - DEBUG - Checking against whitelisted game: Squad 44
2024-11-12 21:48:12,831 - DEBUG - Checking against whitelisted game: 3DMark
2024-11-12 21:48:12,831 - INFO - Whitelist match found: 3DMark in D:\SteamLibrary\steamapps\common\3DMark\dlc\nvidia-dlss-test\nvidia-dlss-test-3\bin\x64\nvngx_dlssg.dll
2024-11-12 21:48:12,831 - INFO - Skipped whitelisted game in Steam: D:\SteamLibrary\steamapps\common\3DMark\dlc\nvidia-dlss-test\nvidia-dlss-test-3\bin\x64\nvngx_dlssg.dll
2024-11-12 21:48:12,981 - DEBUG - Checking DLL: D:\SteamLibrary\steamapps\common\Tom Clancy's Rainbow Six Siege\nvngx_dlss.dll
2024-11-12 21:48:12,981 - DEBUG - Checking whitelist for: D:\SteamLibrary\steamapps\common\Tom Clancy's Rainbow Six Siege\nvngx_dlss.dll
2024-11-12 21:48:12,981 - DEBUG - Checking against whitelisted game: EVIL DEAD The Game
2024-11-12 21:48:12,982 - DEBUG - Checking against whitelisted game: Squad
2024-11-12 21:48:12,982 - DEBUG - Checking against whitelisted game: Squad 44
2024-11-12 21:48:12,982 - DEBUG - Checking against whitelisted game: 3DMark
2024-11-12 21:48:12,982 - DEBUG - Checking against whitelisted game: Fortnite
2024-11-12 21:48:12,982 - DEBUG - Checking against whitelisted game: Escape from Tarkov Arena
2024-11-12 21:48:12,982 - DEBUG - Checking against whitelisted game: Escape From Tarkov
2024-11-12 21:48:12,982 - DEBUG - Checking against whitelisted game: Space Marine 2
2024-11-12 21:48:12,982 - DEBUG - Checking against whitelisted game: The First Descendant
2024-11-12 21:48:12,982 - DEBUG - Checking against whitelisted game: Chivalry 2
2024-11-12 21:48:12,982 - DEBUG - Checking against whitelisted game: StarshipTroopersExtermination
2024-11-12 21:48:12,982 - DEBUG - Checking against whitelisted game: Planetside 2
2024-11-12 21:48:12,982 - DEBUG - Checking against whitelisted game: Throne and Liberty
2024-11-12 21:48:12,982 - DEBUG - Checking against whitelisted game: Back 4 Blood
2024-11-12 21:48:12,982 - DEBUG - Checking against whitelisted game: Need For Speed Unbound
2024-11-12 21:48:12,983 - DEBUG - Checking against whitelisted game: Dark and Darker
2024-11-12 21:48:12,983 - DEBUG - Checking against whitelisted game: Hunt Showdown
2024-11-12 21:48:12,983 - DEBUG - Checking against whitelisted game: AFOP
2024-11-12 21:48:12,983 - DEBUG - No whitelist match found for: D:\SteamLibrary\steamapps\common\Tom Clancy's Rainbow Six Siege\nvngx_dlss.dll
2024-11-12 21:48:12,983 - INFO - Found non-whitelisted DLSS DLL in Steam: D:\SteamLibrary\steamapps\common\Tom Clancy's Rainbow Six Siege\nvngx_dlss.dll
2024-11-12 21:48:13,030 - DEBUG - Checking DLL: D:\SteamLibrary\steamapps\common\Warframe\Tools\Windows\x64\nvngx_dlss.dll
2024-11-12 21:48:13,030 - DEBUG - Checking whitelist for: D:\SteamLibrary\steamapps\common\Warframe\Tools\Windows\x64\nvngx_dlss.dll
2024-11-12 21:48:13,030 - DEBUG - Checking against whitelisted game: EVIL DEAD The Game
2024-11-12 21:48:13,030 - DEBUG - Checking against whitelisted game: Squad
2024-11-12 21:48:13,030 - DEBUG - Checking against whitelisted game: Squad 44
2024-11-12 21:48:13,030 - DEBUG - Checking against whitelisted game: 3DMark
2024-11-12 21:48:13,030 - DEBUG - Checking against whitelisted game: Fortnite
2024-11-12 21:48:13,031 - DEBUG - Checking against whitelisted game: Escape from Tarkov Arena
2024-11-12 21:48:13,031 - DEBUG - Checking against whitelisted game: Escape From Tarkov
2024-11-12 21:48:13,031 - DEBUG - Checking against whitelisted game: Space Marine 2
2024-11-12 21:48:13,031 - DEBUG - Checking against whitelisted game: The First Descendant
2024-11-12 21:48:13,031 - DEBUG - Checking against whitelisted game: Chivalry 2
2024-11-12 21:48:13,031 - DEBUG - Checking against whitelisted game: StarshipTroopersExtermination
2024-11-12 21:48:13,031 - DEBUG - Checking against whitelisted game: Planetside 2
2024-11-12 21:48:13,031 - DEBUG - Checking against whitelisted game: Throne and Liberty
2024-11-12 21:48:13,031 - DEBUG - Checking against whitelisted game: Back 4 Blood
2024-11-12 21:48:13,031 - DEBUG - Checking against whitelisted game: Need For Speed Unbound
2024-11-12 21:48:13,031 - DEBUG - Checking against whitelisted game: Dark and Darker
2024-11-12 21:48:13,032 - DEBUG - Checking against whitelisted game: Hunt Showdown
2024-11-12 21:48:13,032 - DEBUG - Checking against whitelisted game: AFOP
2024-11-12 21:48:13,032 - DEBUG - No whitelist match found for: D:\SteamLibrary\steamapps\common\Warframe\Tools\Windows\x64\nvngx_dlss.dll
2024-11-12 21:48:13,032 - INFO - Found non-whitelisted DLSS DLL in Steam: D:\SteamLibrary\steamapps\common\Warframe\Tools\Windows\x64\nvngx_dlss.dll
2024-11-12 21:48:13,032 - DEBUG - Checking DLL: D:\SteamLibrary\steamapps\common\Warframe\Tools\Windows\x64\DLSS_Updater_Backup\nvngx_dlss.dll
2024-11-12 21:48:13,032 - DEBUG - Checking whitelist for: D:\SteamLibrary\steamapps\common\Warframe\Tools\Windows\x64\DLSS_Updater_Backup\nvngx_dlss.dll
2024-11-12 21:48:13,032 - DEBUG - Checking against whitelisted game: EVIL DEAD The Game
2024-11-12 21:48:13,032 - DEBUG - Checking against whitelisted game: Squad
2024-11-12 21:48:13,033 - DEBUG - Checking against whitelisted game: Squad 44
2024-11-12 21:48:13,033 - DEBUG - Checking against whitelisted game: 3DMark
2024-11-12 21:48:13,033 - DEBUG - Checking against whitelisted game: Fortnite
2024-11-12 21:48:13,033 - DEBUG - Checking against whitelisted game: Escape from Tarkov Arena
2024-11-12 21:48:13,033 - DEBUG - Checking against whitelisted game: Escape From Tarkov
2024-11-12 21:48:13,033 - DEBUG - Checking against whitelisted game: Space Marine 2
2024-11-12 21:48:13,033 - DEBUG - Checking against whitelisted game: The First Descendant
2024-11-12 21:48:13,033 - DEBUG - Checking against whitelisted game: Chivalry 2
2024-11-12 21:48:13,033 - DEBUG - Checking against whitelisted game: StarshipTroopersExtermination
2024-11-12 21:48:13,033 - DEBUG - Checking against whitelisted game: Planetside 2
2024-11-12 21:48:13,033 - DEBUG - Checking against whitelisted game: Throne and Liberty
2024-11-12 21:48:13,034 - DEBUG - Checking against whitelisted game: Back 4 Blood
2024-11-12 21:48:13,034 - DEBUG - Checking against whitelisted game: Need For Speed Unbound
2024-11-12 21:48:13,034 - DEBUG - Checking against whitelisted game: Dark and Darker
2024-11-12 21:48:13,034 - DEBUG - Checking against whitelisted game: Hunt Showdown
2024-11-12 21:48:13,034 - DEBUG - Checking against whitelisted game: AFOP
2024-11-12 21:48:13,034 - DEBUG - No whitelist match found for: D:\SteamLibrary\steamapps\common\Warframe\Tools\Windows\x64\DLSS_Updater_Backup\nvngx_dlss.dll
2024-11-12 21:48:13,034 - INFO - Found non-whitelisted DLSS DLL in Steam: D:\SteamLibrary\steamapps\common\Warframe\Tools\Windows\x64\DLSS_Updater_Backup\nvngx_dlss.dll
2024-11-12 21:48:13,034 - DEBUG - Checking DLL: D:\SteamLibrary\steamapps\common\Warframe\Tools\Windows\x64\DLSS_Updater_Backup\DLSS_Updater_Backup\nvngx_dlss.dll
2024-11-12 21:48:13,035 - DEBUG - Checking whitelist for: D:\SteamLibrary\steamapps\common\Warframe\Tools\Windows\x64\DLSS_Updater_Backup\DLSS_Updater_Backup\nvngx_dlss.dll
2024-11-12 21:48:13,035 - DEBUG - Checking against whitelisted game: EVIL DEAD The Game
2024-11-12 21:48:13,035 - DEBUG - Checking against whitelisted game: Squad
2024-11-12 21:48:13,035 - DEBUG - Checking against whitelisted game: Squad 44
2024-11-12 21:48:13,035 - DEBUG - Checking against whitelisted game: 3DMark
2024-11-12 21:48:13,035 - DEBUG - Checking against whitelisted game: Fortnite
2024-11-12 21:48:13,035 - DEBUG - Checking against whitelisted game: Escape from Tarkov Arena
2024-11-12 21:48:13,035 - DEBUG - Checking against whitelisted game: Escape From Tarkov
2024-11-12 21:48:13,035 - DEBUG - Checking against whitelisted game: Space Marine 2
2024-11-12 21:48:13,035 - DEBUG - Checking against whitelisted game: The First Descendant
2024-11-12 21:48:13,035 - DEBUG - Checking against whitelisted game: Chivalry 2
2024-11-12 21:48:13,036 - DEBUG - Checking against whitelisted game: StarshipTroopersExtermination
2024-11-12 21:48:13,036 - DEBUG - Checking against whitelisted game: Planetside 2
2024-11-12 21:48:13,036 - DEBUG - Checking against whitelisted game: Throne and Liberty
2024-11-12 21:48:13,036 - DEBUG - Checking against whitelisted game: Back 4 Blood
2024-11-12 21:48:13,036 - DEBUG - Checking against whitelisted game: Need For Speed Unbound
2024-11-12 21:48:13,036 - DEBUG - Checking against whitelisted game: Dark and Darker
2024-11-12 21:48:13,036 - DEBUG - Checking against whitelisted game: Hunt Showdown
2024-11-12 21:48:13,036 - DEBUG - Checking against whitelisted game: AFOP
2024-11-12 21:48:13,036 - DEBUG - No whitelist match found for: D:\SteamLibrary\steamapps\common\Warframe\Tools\Windows\x64\DLSS_Updater_Backup\DLSS_Updater_Backup\nvngx_dlss.dll
2024-11-12 21:48:13,036 - INFO - Found non-whitelisted DLSS DLL in Steam: D:\SteamLibrary\steamapps\common\Warframe\Tools\Windows\x64\DLSS_Updater_Backup\DLSS_Updater_Backup\nvngx_dlss.dll
2024-11-12 21:48:13,103 - DEBUG - Checking DLL: E:\SteamLibrary\steamapps\common\7 Days To Die\nvngx_dlss.dll
2024-11-12 21:48:13,103 - DEBUG - Checking whitelist for: E:\SteamLibrary\steamapps\common\7 Days To Die\nvngx_dlss.dll
2024-11-12 21:48:13,104 - DEBUG - Checking against whitelisted game: EVIL DEAD The Game
2024-11-12 21:48:13,104 - DEBUG - Checking against whitelisted game: Squad
2024-11-12 21:48:13,104 - DEBUG - Checking against whitelisted game: Squad 44
2024-11-12 21:48:13,104 - DEBUG - Checking against whitelisted game: 3DMark
2024-11-12 21:48:13,104 - DEBUG - Checking against whitelisted game: Fortnite
2024-11-12 21:48:13,104 - DEBUG - Checking against whitelisted game: Escape from Tarkov Arena
2024-11-12 21:48:13,104 - DEBUG - Checking against whitelisted game: Escape From Tarkov
2024-11-12 21:48:13,104 - DEBUG - Checking against whitelisted game: Space Marine 2
2024-11-12 21:48:13,104 - DEBUG - Checking against whitelisted game: The First Descendant
2024-11-12 21:48:13,105 - DEBUG - Checking against whitelisted game: Chivalry 2
2024-11-12 21:48:13,105 - DEBUG - Checking against whitelisted game: StarshipTroopersExtermination
2024-11-12 21:48:13,105 - DEBUG - Checking against whitelisted game: Planetside 2
2024-11-12 21:48:13,105 - DEBUG - Checking against whitelisted game: Throne and Liberty
2024-11-12 21:48:13,105 - DEBUG - Checking against whitelisted game: Back 4 Blood
2024-11-12 21:48:13,105 - DEBUG - Checking against whitelisted game: Need For Speed Unbound
2024-11-12 21:48:13,105 - DEBUG - Checking against whitelisted game: Dark and Darker
2024-11-12 21:48:13,105 - DEBUG - Checking against whitelisted game: Hunt Showdown
2024-11-12 21:48:13,105 - DEBUG - Checking against whitelisted game: AFOP
2024-11-12 21:48:13,105 - DEBUG - No whitelist match found for: E:\SteamLibrary\steamapps\common\7 Days To Die\nvngx_dlss.dll
2024-11-12 21:48:13,105 - INFO - Found non-whitelisted DLSS DLL in Steam: E:\SteamLibrary\steamapps\common\7 Days To Die\nvngx_dlss.dll
2024-11-12 21:48:13,132 - DEBUG - Checking DLL: E:\SteamLibrary\steamapps\common\Battlefield 2042\nvngx_dlss.dll
2024-11-12 21:48:13,132 - DEBUG - Checking whitelist for: E:\SteamLibrary\steamapps\common\Battlefield 2042\nvngx_dlss.dll
2024-11-12 21:48:13,133 - DEBUG - Checking against whitelisted game: EVIL DEAD The Game
2024-11-12 21:48:13,133 - DEBUG - Checking against whitelisted game: Squad
2024-11-12 21:48:13,133 - DEBUG - Checking against whitelisted game: Squad 44
2024-11-12 21:48:13,133 - DEBUG - Checking against whitelisted game: 3DMark
2024-11-12 21:48:13,133 - DEBUG - Checking against whitelisted game: Fortnite
2024-11-12 21:48:13,133 - DEBUG - Checking against whitelisted game: Escape from Tarkov Arena
2024-11-12 21:48:13,133 - DEBUG - Checking against whitelisted game: Escape From Tarkov
2024-11-12 21:48:13,133 - DEBUG - Checking against whitelisted game: Space Marine 2
2024-11-12 21:48:13,133 - DEBUG - Checking against whitelisted game: The First Descendant
2024-11-12 21:48:13,133 - DEBUG - Checking against whitelisted game: Chivalry 2
2024-11-12 21:48:13,133 - DEBUG - Checking against whitelisted game: StarshipTroopersExtermination
2024-11-12 21:48:13,133 - DEBUG - Checking against whitelisted game: Planetside 2
2024-11-12 21:48:13,134 - DEBUG - Checking against whitelisted game: Throne and Liberty
2024-11-12 21:48:13,134 - DEBUG - Checking against whitelisted game: Back 4 Blood
2024-11-12 21:48:13,134 - DEBUG - Checking against whitelisted game: Need For Speed Unbound
2024-11-12 21:48:13,134 - DEBUG - Checking against whitelisted game: Dark and Darker
2024-11-12 21:48:13,134 - DEBUG - Checking against whitelisted game: Hunt Showdown
2024-11-12 21:48:13,134 - DEBUG - Checking against whitelisted game: AFOP
2024-11-12 21:48:13,134 - DEBUG - No whitelist match found for: E:\SteamLibrary\steamapps\common\Battlefield 2042\nvngx_dlss.dll
2024-11-12 21:48:13,134 - INFO - Found non-whitelisted DLSS DLL in Steam: E:\SteamLibrary\steamapps\common\Battlefield 2042\nvngx_dlss.dll
2024-11-12 21:48:13,142 - DEBUG - Checking DLL: E:\SteamLibrary\steamapps\common\BlackMythWukong\Engine\Plugins\Runtime\Nvidia\DLSS\Binaries\ThirdParty\Win64\nvngx_dlss.dll
2024-11-12 21:48:13,142 - DEBUG - Checking whitelist for: E:\SteamLibrary\steamapps\common\BlackMythWukong\Engine\Plugins\Runtime\Nvidia\DLSS\Binaries\ThirdParty\Win64\nvngx_dlss.dll
2024-11-12 21:48:13,142 - DEBUG - Checking against whitelisted game: EVIL DEAD The Game
2024-11-12 21:48:13,142 - DEBUG - Checking against whitelisted game: Squad
2024-11-12 21:48:13,142 - DEBUG - Checking against whitelisted game: Squad 44
2024-11-12 21:48:13,142 - DEBUG - Checking against whitelisted game: 3DMark
2024-11-12 21:48:13,142 - DEBUG - Checking against whitelisted game: Fortnite
2024-11-12 21:48:13,142 - DEBUG - Checking against whitelisted game: Escape from Tarkov Arena
2024-11-12 21:48:13,143 - DEBUG - Checking against whitelisted game: Escape From Tarkov
2024-11-12 21:48:13,143 - DEBUG - Checking against whitelisted game: Space Marine 2
2024-11-12 21:48:13,143 - DEBUG - Checking against whitelisted game: The First Descendant
2024-11-12 21:48:13,143 - DEBUG - Checking against whitelisted game: Chivalry 2
2024-11-12 21:48:13,143 - DEBUG - Checking against whitelisted game: StarshipTroopersExtermination
2024-11-12 21:48:13,143 - DEBUG - Checking against whitelisted game: Planetside 2
2024-11-12 21:48:13,143 - DEBUG - Checking against whitelisted game: Throne and Liberty
2024-11-12 21:48:13,143 - DEBUG - Checking against whitelisted game: Back 4 Blood
2024-11-12 21:48:13,143 - DEBUG - Checking against whitelisted game: Need For Speed Unbound
2024-11-12 21:48:13,143 - DEBUG - Checking against whitelisted game: Dark and Darker
2024-11-12 21:48:13,143 - DEBUG - Checking against whitelisted game: Hunt Showdown
2024-11-12 21:48:13,143 - DEBUG - Checking against whitelisted game: AFOP
2024-11-12 21:48:13,143 - DEBUG - No whitelist match found for: E:\SteamLibrary\steamapps\common\BlackMythWukong\Engine\Plugins\Runtime\Nvidia\DLSS\Binaries\ThirdParty\Win64\nvngx_dlss.dll
2024-11-12 21:48:13,143 - INFO - Found non-whitelisted DLSS DLL in Steam: E:\SteamLibrary\steamapps\common\BlackMythWukong\Engine\Plugins\Runtime\Nvidia\DLSS\Binaries\ThirdParty\Win64\nvngx_dlss.dll
2024-11-12 21:48:13,143 - DEBUG - Checking DLL: E:\SteamLibrary\steamapps\common\BlackMythWukong\Engine\Plugins\Runtime\Nvidia\DLSS\Binaries\ThirdParty\Win64\nvngx_dlssd.dll
2024-11-12 21:48:13,143 - DEBUG - Checking whitelist for: E:\SteamLibrary\steamapps\common\BlackMythWukong\Engine\Plugins\Runtime\Nvidia\DLSS\Binaries\ThirdParty\Win64\nvngx_dlssd.dll
2024-11-12 21:48:13,144 - DEBUG - Checking against whitelisted game: EVIL DEAD The Game
2024-11-12 21:48:13,144 - DEBUG - Checking against whitelisted game: Squad
2024-11-12 21:48:13,144 - DEBUG - Checking against whitelisted game: Squad 44
2024-11-12 21:48:13,144 - DEBUG - Checking against whitelisted game: 3DMark
2024-11-12 21:48:13,144 - DEBUG - Checking against whitelisted game: Fortnite
2024-11-12 21:48:13,144 - DEBUG - Checking against whitelisted game: Escape from Tarkov Arena
2024-11-12 21:48:13,144 - DEBUG - Checking against whitelisted game: Escape From Tarkov
2024-11-12 21:48:13,144 - DEBUG - Checking against whitelisted game: Space Marine 2
2024-11-12 21:48:13,144 - DEBUG - Checking against whitelisted game: The First Descendant
2024-11-12 21:48:13,144 - DEBUG - Checking against whitelisted game: Chivalry 2
2024-11-12 21:48:13,144 - DEBUG - Checking against whitelisted game: StarshipTroopersExtermination
2024-11-12 21:48:13,144 - DEBUG - Checking against whitelisted game: Planetside 2
2024-11-12 21:48:13,144 - DEBUG - Checking against whitelisted game: Throne and Liberty
2024-11-12 21:48:13,145 - DEBUG - Checking against whitelisted game: Back 4 Blood
2024-11-12 21:48:13,145 - DEBUG - Checking against whitelisted game: Need For Speed Unbound
2024-11-12 21:48:13,145 - DEBUG - Checking against whitelisted game: Dark and Darker
2024-11-12 21:48:13,145 - DEBUG - Checking against whitelisted game: Hunt Showdown
2024-11-12 21:48:13,145 - DEBUG - Checking against whitelisted game: AFOP
2024-11-12 21:48:13,145 - DEBUG - No whitelist match found for: E:\SteamLibrary\steamapps\common\BlackMythWukong\Engine\Plugins\Runtime\Nvidia\DLSS\Binaries\ThirdParty\Win64\nvngx_dlssd.dll
2024-11-12 21:48:13,145 - INFO - Found non-whitelisted DLSS DLL in Steam: E:\SteamLibrary\steamapps\common\BlackMythWukong\Engine\Plugins\Runtime\Nvidia\DLSS\Binaries\ThirdParty\Win64\nvngx_dlssd.dll
2024-11-12 21:48:13,145 - DEBUG - Checking DLL: E:\SteamLibrary\steamapps\common\BlackMythWukong\Engine\Plugins\Runtime\Nvidia\Streamline\Binaries\ThirdParty\Win64\nvngx_dlssg.dll
2024-11-12 21:48:13,145 - DEBUG - Checking whitelist for: E:\SteamLibrary\steamapps\common\BlackMythWukong\Engine\Plugins\Runtime\Nvidia\Streamline\Binaries\ThirdParty\Win64\nvngx_dlssg.dll
2024-11-12 21:48:13,145 - DEBUG - Checking against whitelisted game: EVIL DEAD The Game
2024-11-12 21:48:13,146 - DEBUG - Checking against whitelisted game: Squad
2024-11-12 21:48:13,146 - DEBUG - Checking against whitelisted game: Squad 44
2024-11-12 21:48:13,146 - DEBUG - Checking against whitelisted game: 3DMark
2024-11-12 21:48:13,146 - DEBUG - Checking against whitelisted game: Fortnite
2024-11-12 21:48:13,146 - DEBUG - Checking against whitelisted game: Escape from Tarkov Arena
2024-11-12 21:48:13,146 - DEBUG - Checking against whitelisted game: Escape From Tarkov
2024-11-12 21:48:13,146 - DEBUG - Checking against whitelisted game: Space Marine 2
2024-11-12 21:48:13,146 - DEBUG - Checking against whitelisted game: The First Descendant
2024-11-12 21:48:13,146 - DEBUG - Checking against whitelisted game: Chivalry 2
2024-11-12 21:48:13,146 - DEBUG - Checking against whitelisted game: StarshipTroopersExtermination
2024-11-12 21:48:13,146 - DEBUG - Checking against whitelisted game: Planetside 2
2024-11-12 21:48:13,146 - DEBUG - Checking against whitelisted game: Throne and Liberty
2024-11-12 21:48:13,146 - DEBUG - Checking against whitelisted game: Back 4 Blood
2024-11-12 21:48:13,146 - DEBUG - Checking against whitelisted game: Need For Speed Unbound
2024-11-12 21:48:13,146 - DEBUG - Checking against whitelisted game: Dark and Darker
2024-11-12 21:48:13,146 - DEBUG - Checking against whitelisted game: Hunt Showdown
2024-11-12 21:48:13,147 - DEBUG - Checking against whitelisted game: AFOP
2024-11-12 21:48:13,147 - DEBUG - No whitelist match found for: E:\SteamLibrary\steamapps\common\BlackMythWukong\Engine\Plugins\Runtime\Nvidia\Streamline\Binaries\ThirdParty\Win64\nvngx_dlssg.dll
2024-11-12 21:48:13,147 - INFO - Found non-whitelisted DLSS DLL in Steam: E:\SteamLibrary\steamapps\common\BlackMythWukong\Engine\Plugins\Runtime\Nvidia\Streamline\Binaries\ThirdParty\Win64\nvngx_dlssg.dll
2024-11-12 21:48:13,222 - DEBUG - Checking DLL: E:\SteamLibrary\steamapps\common\Ghost of Tsushima DIRECTOR'S CUT\nvngx_dlss.dll
2024-11-12 21:48:13,222 - DEBUG - Checking whitelist for: E:\SteamLibrary\steamapps\common\Ghost of Tsushima DIRECTOR'S CUT\nvngx_dlss.dll
2024-11-12 21:48:13,222 - DEBUG - Checking against whitelisted game: EVIL DEAD The Game
2024-11-12 21:48:13,222 - DEBUG - Checking against whitelisted game: Squad
2024-11-12 21:48:13,222 - DEBUG - Checking against whitelisted game: Squad 44
2024-11-12 21:48:13,223 - DEBUG - Checking against whitelisted game: 3DMark
2024-11-12 21:48:13,223 - DEBUG - Checking against whitelisted game: Fortnite
2024-11-12 21:48:13,223 - DEBUG - Checking against whitelisted game: Escape from Tarkov Arena
2024-11-12 21:48:13,223 - DEBUG - Checking against whitelisted game: Escape From Tarkov
2024-11-12 21:48:13,223 - DEBUG - Checking against whitelisted game: Space Marine 2
2024-11-12 21:48:13,223 - DEBUG - Checking against whitelisted game: The First Descendant
2024-11-12 21:48:13,223 - DEBUG - Checking against whitelisted game: Chivalry 2
2024-11-12 21:48:13,223 - DEBUG - Checking against whitelisted game: StarshipTroopersExtermination
2024-11-12 21:48:13,223 - DEBUG - Checking against whitelisted game: Planetside 2
2024-11-12 21:48:13,223 - DEBUG - Checking against whitelisted game: Throne and Liberty
2024-11-12 21:48:13,223 - DEBUG - Checking against whitelisted game: Back 4 Blood
2024-11-12 21:48:13,223 - DEBUG - Checking against whitelisted game: Need For Speed Unbound
2024-11-12 21:48:13,224 - DEBUG - Checking against whitelisted game: Dark and Darker
2024-11-12 21:48:13,224 - DEBUG - Checking against whitelisted game: Hunt Showdown
2024-11-12 21:48:13,224 - DEBUG - Checking against whitelisted game: AFOP
2024-11-12 21:48:13,224 - DEBUG - No whitelist match found for: E:\SteamLibrary\steamapps\common\Ghost of Tsushima DIRECTOR'S CUT\nvngx_dlss.dll
2024-11-12 21:48:13,224 - INFO - Found non-whitelisted DLSS DLL in Steam: E:\SteamLibrary\steamapps\common\Ghost of Tsushima DIRECTOR'S CUT\nvngx_dlss.dll
2024-11-12 21:48:13,224 - DEBUG - Checking DLL: E:\SteamLibrary\steamapps\common\Ghost of Tsushima DIRECTOR'S CUT\nvngx_dlssg.dll
2024-11-12 21:48:13,224 - DEBUG - Checking whitelist for: E:\SteamLibrary\steamapps\common\Ghost of Tsushima DIRECTOR'S CUT\nvngx_dlssg.dll
2024-11-12 21:48:13,224 - DEBUG - Checking against whitelisted game: EVIL DEAD The Game
2024-11-12 21:48:13,224 - DEBUG - Checking against whitelisted game: Squad
2024-11-12 21:48:13,224 - DEBUG - Checking against whitelisted game: Squad 44
2024-11-12 21:48:13,224 - DEBUG - Checking against whitelisted game: 3DMark
2024-11-12 21:48:13,224 - DEBUG - Checking against whitelisted game: Fortnite
2024-11-12 21:48:13,224 - DEBUG - Checking against whitelisted game: Escape from Tarkov Arena
2024-11-12 21:48:13,224 - DEBUG - Checking against whitelisted game: Escape From Tarkov
2024-11-12 21:48:13,224 - DEBUG - Checking against whitelisted game: Space Marine 2
2024-11-12 21:48:13,224 - DEBUG - Checking against whitelisted game: The First Descendant
2024-11-12 21:48:13,224 - DEBUG - Checking against whitelisted game: Chivalry 2
2024-11-12 21:48:13,224 - DEBUG - Checking against whitelisted game: StarshipTroopersExtermination
2024-11-12 21:48:13,224 - DEBUG - Checking against whitelisted game: Planetside 2
2024-11-12 21:48:13,225 - DEBUG - Checking against whitelisted game: Throne and Liberty
2024-11-12 21:48:13,225 - DEBUG - Checking against whitelisted game: Back 4 Blood
2024-11-12 21:48:13,225 - DEBUG - Checking against whitelisted game: Need For Speed Unbound
2024-11-12 21:48:13,225 - DEBUG - Checking against whitelisted game: Dark and Darker
2024-11-12 21:48:13,225 - DEBUG - Checking against whitelisted game: Hunt Showdown
2024-11-12 21:48:13,225 - DEBUG - Checking against whitelisted game: AFOP
2024-11-12 21:48:13,225 - DEBUG - No whitelist match found for: E:\SteamLibrary\steamapps\common\Ghost of Tsushima DIRECTOR'S CUT\nvngx_dlssg.dll
2024-11-12 21:48:13,225 - INFO - Found non-whitelisted DLSS DLL in Steam: E:\SteamLibrary\steamapps\common\Ghost of Tsushima DIRECTOR'S CUT\nvngx_dlssg.dll
2024-11-12 21:48:13,230 - DEBUG - Checking DLL: E:\SteamLibrary\steamapps\common\No Man's Sky\Binaries\nvngx_dlss.dll
2024-11-12 21:48:13,230 - DEBUG - Checking whitelist for: E:\SteamLibrary\steamapps\common\No Man's Sky\Binaries\nvngx_dlss.dll
2024-11-12 21:48:13,230 - DEBUG - Checking against whitelisted game: EVIL DEAD The Game
2024-11-12 21:48:13,230 - DEBUG - Checking against whitelisted game: Squad
2024-11-12 21:48:13,230 - DEBUG - Checking against whitelisted game: Squad 44
2024-11-12 21:48:13,230 - DEBUG - Checking against whitelisted game: 3DMark
2024-11-12 21:48:13,230 - DEBUG - Checking against whitelisted game: Fortnite
2024-11-12 21:48:13,230 - DEBUG - Checking against whitelisted game: Escape from Tarkov Arena
2024-11-12 21:48:13,230 - DEBUG - Checking against whitelisted game: Escape From Tarkov
2024-11-12 21:48:13,230 - DEBUG - Checking against whitelisted game: Space Marine 2
2024-11-12 21:48:13,230 - DEBUG - Checking against whitelisted game: The First Descendant
2024-11-12 21:48:13,230 - DEBUG - Checking against whitelisted game: Chivalry 2
2024-11-12 21:48:13,231 - DEBUG - Checking against whitelisted game: StarshipTroopersExtermination
2024-11-12 21:48:13,231 - DEBUG - Checking against whitelisted game: Planetside 2
2024-11-12 21:48:13,231 - DEBUG - Checking against whitelisted game: Throne and Liberty
2024-11-12 21:48:13,231 - DEBUG - Checking against whitelisted game: Back 4 Blood
2024-11-12 21:48:13,231 - DEBUG - Checking against whitelisted game: Need For Speed Unbound
2024-11-12 21:48:13,231 - DEBUG - Checking against whitelisted game: Dark and Darker
2024-11-12 21:48:13,231 - DEBUG - Checking against whitelisted game: Hunt Showdown
2024-11-12 21:48:13,231 - DEBUG - Checking against whitelisted game: AFOP
2024-11-12 21:48:13,231 - DEBUG - No whitelist match found for: E:\SteamLibrary\steamapps\common\No Man's Sky\Binaries\nvngx_dlss.dll
2024-11-12 21:48:13,231 - INFO - Found non-whitelisted DLSS DLL in Steam: E:\SteamLibrary\steamapps\common\No Man's Sky\Binaries\nvngx_dlss.dll
2024-11-12 21:48:13,231 - DEBUG - Checking DLL: E:\SteamLibrary\steamapps\common\No Man's Sky\Binaries\nvngx_dlssg.dll
2024-11-12 21:48:13,231 - DEBUG - Checking whitelist for: E:\SteamLibrary\steamapps\common\No Man's Sky\Binaries\nvngx_dlssg.dll
2024-11-12 21:48:13,231 - DEBUG - Checking against whitelisted game: EVIL DEAD The Game
2024-11-12 21:48:13,231 - DEBUG - Checking against whitelisted game: Squad
2024-11-12 21:48:13,231 - DEBUG - Checking against whitelisted game: Squad 44
2024-11-12 21:48:13,231 - DEBUG - Checking against whitelisted game: 3DMark
2024-11-12 21:48:13,231 - DEBUG - Checking against whitelisted game: Fortnite
2024-11-12 21:48:13,231 - DEBUG - Checking against whitelisted game: Escape from Tarkov Arena
2024-11-12 21:48:13,231 - DEBUG - Checking against whitelisted game: Escape From Tarkov
2024-11-12 21:48:13,232 - DEBUG - Checking against whitelisted game: Space Marine 2
2024-11-12 21:48:13,232 - DEBUG - Checking against whitelisted game: The First Descendant
2024-11-12 21:48:13,232 - DEBUG - Checking against whitelisted game: Chivalry 2
2024-11-12 21:48:13,232 - DEBUG - Checking against whitelisted game: StarshipTroopersExtermination
2024-11-12 21:48:13,232 - DEBUG - Checking against whitelisted game: Planetside 2
2024-11-12 21:48:13,232 - DEBUG - Checking against whitelisted game: Throne and Liberty
2024-11-12 21:48:13,232 - DEBUG - Checking against whitelisted game: Back 4 Blood
2024-11-12 21:48:13,232 - DEBUG - Checking against whitelisted game: Need For Speed Unbound
2024-11-12 21:48:13,232 - DEBUG - Checking against whitelisted game: Dark and Darker
2024-11-12 21:48:13,232 - DEBUG - Checking against whitelisted game: Hunt Showdown
2024-11-12 21:48:13,232 - DEBUG - Checking against whitelisted game: AFOP
2024-11-12 21:48:13,232 - DEBUG - No whitelist match found for: E:\SteamLibrary\steamapps\common\No Man's Sky\Binaries\nvngx_dlssg.dll
2024-11-12 21:48:13,232 - INFO - Found non-whitelisted DLSS DLL in Steam: E:\SteamLibrary\steamapps\common\No Man's Sky\Binaries\nvngx_dlssg.dll
2024-11-12 21:48:13,233 - DEBUG - Checking DLL: E:\SteamLibrary\steamapps\common\Overwatch\nvngx_dlss.dll
2024-11-12 21:48:13,233 - DEBUG - Checking whitelist for: E:\SteamLibrary\steamapps\common\Overwatch\nvngx_dlss.dll
2024-11-12 21:48:13,233 - DEBUG - Checking against whitelisted game: EVIL DEAD The Game
2024-11-12 21:48:13,233 - DEBUG - Checking against whitelisted game: Squad
2024-11-12 21:48:13,233 - DEBUG - Checking against whitelisted game: Squad 44
2024-11-12 21:48:13,233 - DEBUG - Checking against whitelisted game: 3DMark
2024-11-12 21:48:13,233 - DEBUG - Checking against whitelisted game: Fortnite
2024-11-12 21:48:13,233 - DEBUG - Checking against whitelisted game: Escape from Tarkov Arena
2024-11-12 21:48:13,233 - DEBUG - Checking against whitelisted game: Escape From Tarkov
2024-11-12 21:48:13,233 - DEBUG - Checking against whitelisted game: Space Marine 2
2024-11-12 21:48:13,233 - DEBUG - Checking against whitelisted game: The First Descendant
2024-11-12 21:48:13,233 - DEBUG - Checking against whitelisted game: Chivalry 2
2024-11-12 21:48:13,233 - DEBUG - Checking against whitelisted game: StarshipTroopersExtermination
2024-11-12 21:48:13,233 - DEBUG - Checking against whitelisted game: Planetside 2
2024-11-12 21:48:13,233 - DEBUG - Checking against whitelisted game: Throne and Liberty
2024-11-12 21:48:13,233 - DEBUG - Checking against whitelisted game: Back 4 Blood
2024-11-12 21:48:13,233 - DEBUG - Checking against whitelisted game: Need For Speed Unbound
2024-11-12 21:48:13,234 - DEBUG - Checking against whitelisted game: Dark and Darker
2024-11-12 21:48:13,234 - DEBUG - Checking against whitelisted game: Hunt Showdown
2024-11-12 21:48:13,234 - DEBUG - Checking against whitelisted game: AFOP
2024-11-12 21:48:13,234 - DEBUG - No whitelist match found for: E:\SteamLibrary\steamapps\common\Overwatch\nvngx_dlss.dll
2024-11-12 21:48:13,234 - INFO - Found non-whitelisted DLSS DLL in Steam: E:\SteamLibrary\steamapps\common\Overwatch\nvngx_dlss.dll
2024-11-12 21:48:13,235 - DEBUG - Checking DLL: E:\SteamLibrary\steamapps\common\Space Marine 2\client_pc\root\bin\pc\nvngx_dlss.dll
2024-11-12 21:48:13,235 - DEBUG - Checking whitelist for: E:\SteamLibrary\steamapps\common\Space Marine 2\client_pc\root\bin\pc\nvngx_dlss.dll
2024-11-12 21:48:13,235 - DEBUG - Checking against whitelisted game: EVIL DEAD The Game
2024-11-12 21:48:13,235 - DEBUG - Checking against whitelisted game: Squad
2024-11-12 21:48:13,235 - DEBUG - Checking against whitelisted game: Squad 44
2024-11-12 21:48:13,235 - DEBUG - Checking against whitelisted game: 3DMark
2024-11-12 21:48:13,235 - DEBUG - Checking against whitelisted game: Fortnite
2024-11-12 21:48:13,235 - DEBUG - Checking against whitelisted game: Escape from Tarkov Arena
2024-11-12 21:48:13,235 - DEBUG - Checking against whitelisted game: Escape From Tarkov
2024-11-12 21:48:13,236 - DEBUG - Checking against whitelisted game: Space Marine 2
2024-11-12 21:48:13,236 - INFO - Whitelist match found: Space Marine 2 in E:\SteamLibrary\steamapps\common\Space Marine 2\client_pc\root\bin\pc\nvngx_dlss.dll
2024-11-12 21:48:13,236 - INFO - Skipped whitelisted game in Steam: E:\SteamLibrary\steamapps\common\Space Marine 2\client_pc\root\bin\pc\nvngx_dlss.dll
2024-11-12 21:48:13,243 - DEBUG - Checking DLL: E:\SteamLibrary\steamapps\common\The First Descendant\Engine\Plugins\Runtime\Nvidia\DLSS\Binaries\ThirdParty\Win64\nvngx_dlss.dll
2024-11-12 21:48:13,244 - DEBUG - Checking whitelist for: E:\SteamLibrary\steamapps\common\The First Descendant\Engine\Plugins\Runtime\Nvidia\DLSS\Binaries\ThirdParty\Win64\nvngx_dlss.dll
2024-11-12 21:48:13,244 - DEBUG - Checking against whitelisted game: EVIL DEAD The Game
2024-11-12 21:48:13,244 - DEBUG - Checking against whitelisted game: Squad
2024-11-12 21:48:13,244 - DEBUG - Checking against whitelisted game: Squad 44
2024-11-12 21:48:13,244 - DEBUG - Checking against whitelisted game: 3DMark
2024-11-12 21:48:13,244 - DEBUG - Checking against whitelisted game: Fortnite
2024-11-12 21:48:13,244 - DEBUG - Checking against whitelisted game: Escape from Tarkov Arena
2024-11-12 21:48:13,244 - DEBUG - Checking against whitelisted game: Escape From Tarkov
2024-11-12 21:48:13,244 - DEBUG - Checking against whitelisted game: Space Marine 2
2024-11-12 21:48:13,244 - DEBUG - Checking against whitelisted game: The First Descendant
2024-11-12 21:48:13,244 - INFO - Whitelist match found: The First Descendant in E:\SteamLibrary\steamapps\common\The First Descendant\Engine\Plugins\Runtime\Nvidia\DLSS\Binaries\ThirdParty\Win64\nvngx_dlss.dll
2024-11-12 21:48:13,245 - INFO - Skipped whitelisted game in Steam: E:\SteamLibrary\steamapps\common\The First Descendant\Engine\Plugins\Runtime\Nvidia\DLSS\Binaries\ThirdParty\Win64\nvngx_dlss.dll
2024-11-12 21:48:13,245 - DEBUG - Checking DLL: E:\SteamLibrary\steamapps\common\The First Descendant\Engine\Plugins\Runtime\Nvidia\DLSS\Binaries\ThirdParty\Win64\nvngx_dlssd.dll
2024-11-12 21:48:13,245 - DEBUG - Checking whitelist for: E:\SteamLibrary\steamapps\common\The First Descendant\Engine\Plugins\Runtime\Nvidia\DLSS\Binaries\ThirdParty\Win64\nvngx_dlssd.dll
2024-11-12 21:48:13,245 - DEBUG - Checking against whitelisted game: EVIL DEAD The Game
2024-11-12 21:48:13,245 - DEBUG - Checking against whitelisted game: Squad
2024-11-12 21:48:13,245 - DEBUG - Checking against whitelisted game: Squad 44
2024-11-12 21:48:13,245 - DEBUG - Checking against whitelisted game: 3DMark
2024-11-12 21:48:13,245 - DEBUG - Checking against whitelisted game: Fortnite
2024-11-12 21:48:13,245 - DEBUG - Checking against whitelisted game: Escape from Tarkov Arena
2024-11-12 21:48:13,245 - DEBUG - Checking against whitelisted game: Escape From Tarkov
2024-11-12 21:48:13,245 - DEBUG - Checking against whitelisted game: Space Marine 2
2024-11-12 21:48:13,245 - DEBUG - Checking against whitelisted game: The First Descendant
2024-11-12 21:48:13,245 - INFO - Whitelist match found: The First Descendant in E:\SteamLibrary\steamapps\common\The First Descendant\Engine\Plugins\Runtime\Nvidia\DLSS\Binaries\ThirdParty\Win64\nvngx_dlssd.dll
2024-11-12 21:48:13,245 - INFO - Skipped whitelisted game in Steam: E:\SteamLibrary\steamapps\common\The First Descendant\Engine\Plugins\Runtime\Nvidia\DLSS\Binaries\ThirdParty\Win64\nvngx_dlssd.dll
2024-11-12 21:48:13,246 - DEBUG - Checking DLL: E:\SteamLibrary\steamapps\common\The First Descendant\Engine\Plugins\Runtime\Nvidia\Streamline\Binaries\ThirdParty\Win64\nvngx_dlssg.dll
2024-11-12 21:48:13,246 - DEBUG - Checking whitelist for: E:\SteamLibrary\steamapps\common\The First Descendant\Engine\Plugins\Runtime\Nvidia\Streamline\Binaries\ThirdParty\Win64\nvngx_dlssg.dll
2024-11-12 21:48:13,246 - DEBUG - Checking against whitelisted game: EVIL DEAD The Game
2024-11-12 21:48:13,246 - DEBUG - Checking against whitelisted game: Squad
2024-11-12 21:48:13,246 - DEBUG - Checking against whitelisted game: Squad 44
2024-11-12 21:48:13,246 - DEBUG - Checking against whitelisted game: 3DMark
2024-11-12 21:48:13,246 - DEBUG - Checking against whitelisted game: Fortnite
2024-11-12 21:48:13,246 - DEBUG - Checking against whitelisted game: Escape from Tarkov Arena
2024-11-12 21:48:13,246 - DEBUG - Checking against whitelisted game: Escape From Tarkov
2024-11-12 21:48:13,246 - DEBUG - Checking against whitelisted game: Space Marine 2
2024-11-12 21:48:13,246 - DEBUG - Checking against whitelisted game: The First Descendant
2024-11-12 21:48:13,246 - INFO - Whitelist match found: The First Descendant in E:\SteamLibrary\steamapps\common\The First Descendant\Engine\Plugins\Runtime\Nvidia\Streamline\Binaries\ThirdParty\Win64\nvngx_dlssg.dll
2024-11-12 21:48:13,246 - INFO - Skipped whitelisted game in Steam: E:\SteamLibrary\steamapps\common\The First Descendant\Engine\Plugins\Runtime\Nvidia\Streamline\Binaries\ThirdParty\Win64\nvngx_dlssg.dll
2024-11-12 21:48:13,274 - INFO - Checking EA...
2024-11-12 21:48:17,075 - INFO - EA games path skipped.
2024-11-12 21:48:17,076 - INFO - Checking Ubisoft...
2024-11-12 21:48:17,084 - DEBUG - Checking DLL: C:\Program Files (x86)\Ubisoft\Ubisoft Game Launcher\games\AFOP\nvngx_dlss.dll
2024-11-12 21:48:17,084 - DEBUG - Checking whitelist for: C:\Program Files (x86)\Ubisoft\Ubisoft Game Launcher\games\AFOP\nvngx_dlss.dll
2024-11-12 21:48:17,084 - DEBUG - Checking against whitelisted game: EVIL DEAD The Game
2024-11-12 21:48:17,084 - DEBUG - Checking against whitelisted game: Squad
2024-11-12 21:48:17,084 - DEBUG - Checking against whitelisted game: Squad 44
2024-11-12 21:48:17,084 - DEBUG - Checking against whitelisted game: 3DMark
2024-11-12 21:48:17,084 - DEBUG - Checking against whitelisted game: Fortnite
2024-11-12 21:48:17,085 - DEBUG - Checking against whitelisted game: Escape from Tarkov Arena
2024-11-12 21:48:17,085 - DEBUG - Checking against whitelisted game: Escape From Tarkov
2024-11-12 21:48:17,085 - DEBUG - Checking against whitelisted game: Space Marine 2
2024-11-12 21:48:17,085 - DEBUG - Checking against whitelisted game: The First Descendant
2024-11-12 21:48:17,085 - DEBUG - Checking against whitelisted game: Chivalry 2
2024-11-12 21:48:17,085 - DEBUG - Checking against whitelisted game: StarshipTroopersExtermination
2024-11-12 21:48:17,085 - DEBUG - Checking against whitelisted game: Planetside 2
2024-11-12 21:48:17,085 - DEBUG - Checking against whitelisted game: Throne and Liberty
2024-11-12 21:48:17,085 - DEBUG - Checking against whitelisted game: Back 4 Blood
2024-11-12 21:48:17,085 - DEBUG - Checking against whitelisted game: Need For Speed Unbound
2024-11-12 21:48:17,085 - DEBUG - Checking against whitelisted game: Dark and Darker
2024-11-12 21:48:17,085 - DEBUG - Checking against whitelisted game: Hunt Showdown
2024-11-12 21:48:17,085 - DEBUG - Checking against whitelisted game: AFOP
2024-11-12 21:48:17,085 - INFO - Whitelist match found: AFOP in C:\Program Files (x86)\Ubisoft\Ubisoft Game Launcher\games\AFOP\nvngx_dlss.dll
2024-11-12 21:48:17,085 - INFO - Skipped whitelisted game in Ubisoft Launcher: C:\Program Files (x86)\Ubisoft\Ubisoft Game Launcher\games\AFOP\nvngx_dlss.dll
2024-11-12 21:48:17,275 - INFO - Checking Epic Games...
2024-11-12 21:48:18,569 - INFO - Checking GOG...
2024-11-12 21:48:19,374 - INFO - Checking Battle.net...
2024-11-12 21:48:20,561 - INFO - Removing duplicates...
2024-11-12 21:48:20,561 - INFO - find_all_dlss_dlls function completed
2024-11-12 21:48:20,561 - INFO - DLL search completed.
2024-11-12 21:48:20,561 - INFO - 
Found DLLs in the following launchers:
2024-11-12 21:48:20,561 - INFO - Steam:
2024-11-12 21:48:20,561 - INFO -  - DLSS DLL: C:\Program Files (x86)\Steam\steamapps\common\Delta Force Demo\Game\DeltaForce\Plugins\Runtime\Nvidia\DLSS\Binaries\ThirdParty\Win64\nvngx_dlss.dll
2024-11-12 21:48:20,561 - DEBUG - Checking whitelist for: C:\Program Files (x86)\Steam\steamapps\common\Delta Force Demo\Game\DeltaForce\Plugins\Runtime\Nvidia\DLSS\Binaries\ThirdParty\Win64\nvngx_dlss.dll
2024-11-12 21:48:20,561 - DEBUG - Checking against whitelisted game: EVIL DEAD The Game
2024-11-12 21:48:20,562 - DEBUG - Checking against whitelisted game: Squad
2024-11-12 21:48:20,562 - DEBUG - Checking against whitelisted game: Squad 44
2024-11-12 21:48:20,562 - DEBUG - Checking against whitelisted game: 3DMark
2024-11-12 21:48:20,562 - DEBUG - Checking against whitelisted game: Fortnite
2024-11-12 21:48:20,562 - DEBUG - Checking against whitelisted game: Escape from Tarkov Arena
2024-11-12 21:48:20,562 - DEBUG - Checking against whitelisted game: Escape From Tarkov
2024-11-12 21:48:20,562 - DEBUG - Checking against whitelisted game: Space Marine 2
2024-11-12 21:48:20,562 - DEBUG - Checking against whitelisted game: The First Descendant
2024-11-12 21:48:20,562 - DEBUG - Checking against whitelisted game: Chivalry 2
2024-11-12 21:48:20,562 - DEBUG - Checking against whitelisted game: StarshipTroopersExtermination
2024-11-12 21:48:20,562 - DEBUG - Checking against whitelisted game: Planetside 2
2024-11-12 21:48:20,562 - DEBUG - Checking against whitelisted game: Throne and Liberty
2024-11-12 21:48:20,562 - DEBUG - Checking against whitelisted game: Back 4 Blood
2024-11-12 21:48:20,562 - DEBUG - Checking against whitelisted game: Need For Speed Unbound
2024-11-12 21:48:20,562 - DEBUG - Checking against whitelisted game: Dark and Darker
2024-11-12 21:48:20,562 - DEBUG - Checking against whitelisted game: Hunt Showdown
2024-11-12 21:48:20,562 - DEBUG - Checking against whitelisted game: AFOP
2024-11-12 21:48:20,562 - DEBUG - No whitelist match found for: C:\Program Files (x86)\Steam\steamapps\common\Delta Force Demo\Game\DeltaForce\Plugins\Runtime\Nvidia\DLSS\Binaries\ThirdParty\Win64\nvngx_dlss.dll
2024-11-12 21:48:20,563 - INFO -  - DLSS Frame Generation DLL: C:\Program Files (x86)\Steam\steamapps\common\Delta Force Demo\Game\DeltaForce\Plugins\Runtime\Nvidia\Sreamline\Binaries\ThirdParty\Win64\nvngx_dlssg.dll
2024-11-12 21:48:20,563 - DEBUG - Checking whitelist for: C:\Program Files (x86)\Steam\steamapps\common\Delta Force Demo\Game\DeltaForce\Plugins\Runtime\Nvidia\Sreamline\Binaries\ThirdParty\Win64\nvngx_dlssg.dll
2024-11-12 21:48:20,563 - DEBUG - Checking against whitelisted game: EVIL DEAD The Game
2024-11-12 21:48:20,563 - DEBUG - Checking against whitelisted game: Squad
2024-11-12 21:48:20,563 - DEBUG - Checking against whitelisted game: Squad 44
2024-11-12 21:48:20,563 - DEBUG - Checking against whitelisted game: 3DMark
2024-11-12 21:48:20,563 - DEBUG - Checking against whitelisted game: Fortnite
2024-11-12 21:48:20,563 - DEBUG - Checking against whitelisted game: Escape from Tarkov Arena
2024-11-12 21:48:20,563 - DEBUG - Checking against whitelisted game: Escape From Tarkov
2024-11-12 21:48:20,563 - DEBUG - Checking against whitelisted game: Space Marine 2
2024-11-12 21:48:20,563 - DEBUG - Checking against whitelisted game: The First Descendant
2024-11-12 21:48:20,563 - DEBUG - Checking against whitelisted game: Chivalry 2
2024-11-12 21:48:20,563 - DEBUG - Checking against whitelisted game: StarshipTroopersExtermination
2024-11-12 21:48:20,563 - DEBUG - Checking against whitelisted game: Planetside 2
2024-11-12 21:48:20,563 - DEBUG - Checking against whitelisted game: Throne and Liberty
2024-11-12 21:48:20,563 - DEBUG - Checking against whitelisted game: Back 4 Blood
2024-11-12 21:48:20,563 - DEBUG - Checking against whitelisted game: Need For Speed Unbound
2024-11-12 21:48:20,563 - DEBUG - Checking against whitelisted game: Dark and Darker
2024-11-12 21:48:20,563 - DEBUG - Checking against whitelisted game: Hunt Showdown
2024-11-12 21:48:20,563 - DEBUG - Checking against whitelisted game: AFOP
2024-11-12 21:48:20,564 - DEBUG - No whitelist match found for: C:\Program Files (x86)\Steam\steamapps\common\Delta Force Demo\Game\DeltaForce\Plugins\Runtime\Nvidia\Sreamline\Binaries\ThirdParty\Win64\nvngx_dlssg.dll
2024-11-12 21:48:20,564 - INFO -  - DLSS DLL: D:\SteamLibrary\steamapps\common\Tom Clancy's Rainbow Six Siege\nvngx_dlss.dll
2024-11-12 21:48:20,564 - DEBUG - Checking whitelist for: D:\SteamLibrary\steamapps\common\Tom Clancy's Rainbow Six Siege\nvngx_dlss.dll
2024-11-12 21:48:20,564 - DEBUG - Checking against whitelisted game: EVIL DEAD The Game
2024-11-12 21:48:20,564 - DEBUG - Checking against whitelisted game: Squad
2024-11-12 21:48:20,564 - DEBUG - Checking against whitelisted game: Squad 44
2024-11-12 21:48:20,564 - DEBUG - Checking against whitelisted game: 3DMark
2024-11-12 21:48:20,564 - DEBUG - Checking against whitelisted game: Fortnite
2024-11-12 21:48:20,564 - DEBUG - Checking against whitelisted game: Escape from Tarkov Arena
2024-11-12 21:48:20,564 - DEBUG - Checking against whitelisted game: Escape From Tarkov
2024-11-12 21:48:20,564 - DEBUG - Checking against whitelisted game: Space Marine 2
2024-11-12 21:48:20,564 - DEBUG - Checking against whitelisted game: The First Descendant
2024-11-12 21:48:20,564 - DEBUG - Checking against whitelisted game: Chivalry 2
2024-11-12 21:48:20,564 - DEBUG - Checking against whitelisted game: StarshipTroopersExtermination
2024-11-12 21:48:20,564 - DEBUG - Checking against whitelisted game: Planetside 2
2024-11-12 21:48:20,564 - DEBUG - Checking against whitelisted game: Throne and Liberty
2024-11-12 21:48:20,564 - DEBUG - Checking against whitelisted game: Back 4 Blood
2024-11-12 21:48:20,564 - DEBUG - Checking against whitelisted game: Need For Speed Unbound
2024-11-12 21:48:20,564 - DEBUG - Checking against whitelisted game: Dark and Darker
2024-11-12 21:48:20,564 - DEBUG - Checking against whitelisted game: Hunt Showdown
2024-11-12 21:48:20,564 - DEBUG - Checking against whitelisted game: AFOP
2024-11-12 21:48:20,565 - DEBUG - No whitelist match found for: D:\SteamLibrary\steamapps\common\Tom Clancy's Rainbow Six Siege\nvngx_dlss.dll
2024-11-12 21:48:20,565 - INFO -  - DLSS DLL: D:\SteamLibrary\steamapps\common\Warframe\Tools\Windows\x64\nvngx_dlss.dll
2024-11-12 21:48:20,565 - INFO -  - DLSS DLL: D:\SteamLibrary\steamapps\common\Warframe\Tools\Windows\x64\DLSS_Updater_Backup\nvngx_dlss.dll
2024-11-12 21:48:20,565 - INFO -  - DLSS DLL: D:\SteamLibrary\steamapps\common\Warframe\Tools\Windows\x64\DLSS_Updater_Backup\DLSS_Updater_Backup\nvngx_dlss.dll
2024-11-12 21:48:20,565 - INFO -  - DLSS DLL: E:\SteamLibrary\steamapps\common\7 Days To Die\nvngx_dlss.dll
2024-11-12 21:48:20,565 - DEBUG - Checking whitelist for: E:\SteamLibrary\steamapps\common\7 Days To Die\nvngx_dlss.dll
2024-11-12 21:48:20,565 - DEBUG - Checking against whitelisted game: EVIL DEAD The Game
2024-11-12 21:48:20,565 - DEBUG - Checking against whitelisted game: Squad
2024-11-12 21:48:20,565 - DEBUG - Checking against whitelisted game: Squad 44
2024-11-12 21:48:20,565 - DEBUG - Checking against whitelisted game: 3DMark
2024-11-12 21:48:20,565 - DEBUG - Checking against whitelisted game: Fortnite
2024-11-12 21:48:20,565 - DEBUG - Checking against whitelisted game: Escape from Tarkov Arena
2024-11-12 21:48:20,565 - DEBUG - Checking against whitelisted game: Escape From Tarkov
2024-11-12 21:48:20,565 - DEBUG - Checking against whitelisted game: Space Marine 2
2024-11-12 21:48:20,565 - DEBUG - Checking against whitelisted game: The First Descendant
2024-11-12 21:48:20,565 - DEBUG - Checking against whitelisted game: Chivalry 2
2024-11-12 21:48:20,565 - DEBUG - Checking against whitelisted game: StarshipTroopersExtermination
2024-11-12 21:48:20,565 - DEBUG - Checking against whitelisted game: Planetside 2
2024-11-12 21:48:20,565 - DEBUG - Checking against whitelisted game: Throne and Liberty
2024-11-12 21:48:20,565 - DEBUG - Checking against whitelisted game: Back 4 Blood
2024-11-12 21:48:20,565 - DEBUG - Checking against whitelisted game: Need For Speed Unbound
2024-11-12 21:48:20,565 - DEBUG - Checking against whitelisted game: Dark and Darker
2024-11-12 21:48:20,565 - DEBUG - Checking against whitelisted game: Hunt Showdown
2024-11-12 21:48:20,566 - DEBUG - Checking against whitelisted game: AFOP
2024-11-12 21:48:20,566 - DEBUG - No whitelist match found for: E:\SteamLibrary\steamapps\common\7 Days To Die\nvngx_dlss.dll
2024-11-12 21:48:20,566 - INFO -  - DLSS DLL: E:\SteamLibrary\steamapps\common\Battlefield 2042\nvngx_dlss.dll
2024-11-12 21:48:20,566 - DEBUG - Checking whitelist for: E:\SteamLibrary\steamapps\common\Battlefield 2042\nvngx_dlss.dll
2024-11-12 21:48:20,566 - DEBUG - Checking against whitelisted game: EVIL DEAD The Game
2024-11-12 21:48:20,566 - DEBUG - Checking against whitelisted game: Squad
2024-11-12 21:48:20,566 - DEBUG - Checking against whitelisted game: Squad 44
2024-11-12 21:48:20,566 - DEBUG - Checking against whitelisted game: 3DMark
2024-11-12 21:48:20,566 - DEBUG - Checking against whitelisted game: Fortnite
2024-11-12 21:48:20,566 - DEBUG - Checking against whitelisted game: Escape from Tarkov Arena
2024-11-12 21:48:20,566 - DEBUG - Checking against whitelisted game: Escape From Tarkov
2024-11-12 21:48:20,566 - DEBUG - Checking against whitelisted game: Space Marine 2
2024-11-12 21:48:20,566 - DEBUG - Checking against whitelisted game: The First Descendant
2024-11-12 21:48:20,566 - DEBUG - Checking against whitelisted game: Chivalry 2
2024-11-12 21:48:20,566 - DEBUG - Checking against whitelisted game: StarshipTroopersExtermination
2024-11-12 21:48:20,566 - DEBUG - Checking against whitelisted game: Planetside 2
2024-11-12 21:48:20,566 - DEBUG - Checking against whitelisted game: Throne and Liberty
2024-11-12 21:48:20,566 - DEBUG - Checking against whitelisted game: Back 4 Blood
2024-11-12 21:48:20,566 - DEBUG - Checking against whitelisted game: Need For Speed Unbound
2024-11-12 21:48:20,566 - DEBUG - Checking against whitelisted game: Dark and Darker
2024-11-12 21:48:20,566 - DEBUG - Checking against whitelisted game: Hunt Showdown
2024-11-12 21:48:20,566 - DEBUG - Checking against whitelisted game: AFOP
2024-11-12 21:48:20,566 - DEBUG - No whitelist match found for: E:\SteamLibrary\steamapps\common\Battlefield 2042\nvngx_dlss.dll
2024-11-12 21:48:20,567 - INFO -  - DLSS DLL: E:\SteamLibrary\steamapps\common\BlackMythWukong\Engine\Plugins\Runtime\Nvidia\DLSS\Binaries\ThirdParty\Win64\nvngx_dlss.dll
2024-11-12 21:48:20,567 - DEBUG - Checking whitelist for: E:\SteamLibrary\steamapps\common\BlackMythWukong\Engine\Plugins\Runtime\Nvidia\DLSS\Binaries\ThirdParty\Win64\nvngx_dlss.dll
2024-11-12 21:48:20,567 - DEBUG - Checking against whitelisted game: EVIL DEAD The Game
2024-11-12 21:48:20,567 - DEBUG - Checking against whitelisted game: Squad
2024-11-12 21:48:20,567 - DEBUG - Checking against whitelisted game: Squad 44
2024-11-12 21:48:20,567 - DEBUG - Checking against whitelisted game: 3DMark
2024-11-12 21:48:20,567 - DEBUG - Checking against whitelisted game: Fortnite
2024-11-12 21:48:20,567 - DEBUG - Checking against whitelisted game: Escape from Tarkov Arena
2024-11-12 21:48:20,567 - DEBUG - Checking against whitelisted game: Escape From Tarkov
2024-11-12 21:48:20,567 - DEBUG - Checking against whitelisted game: Space Marine 2
2024-11-12 21:48:20,568 - DEBUG - Checking against whitelisted game: The First Descendant
2024-11-12 21:48:20,568 - DEBUG - Checking against whitelisted game: Chivalry 2
2024-11-12 21:48:20,568 - DEBUG - Checking against whitelisted game: StarshipTroopersExtermination
2024-11-12 21:48:20,568 - DEBUG - Checking against whitelisted game: Planetside 2
2024-11-12 21:48:20,568 - DEBUG - Checking against whitelisted game: Throne and Liberty
2024-11-12 21:48:20,568 - DEBUG - Checking against whitelisted game: Back 4 Blood
2024-11-12 21:48:20,568 - DEBUG - Checking against whitelisted game: Need For Speed Unbound
2024-11-12 21:48:20,568 - DEBUG - Checking against whitelisted game: Dark and Darker
2024-11-12 21:48:20,568 - DEBUG - Checking against whitelisted game: Hunt Showdown
2024-11-12 21:48:20,568 - DEBUG - Checking against whitelisted game: AFOP
2024-11-12 21:48:20,568 - DEBUG - No whitelist match found for: E:\SteamLibrary\steamapps\common\BlackMythWukong\Engine\Plugins\Runtime\Nvidia\DLSS\Binaries\ThirdParty\Win64\nvngx_dlss.dll
2024-11-12 21:48:20,568 - INFO -  - DLSS Ray Reconstruction DLL: E:\SteamLibrary\steamapps\common\BlackMythWukong\Engine\Plugins\Runtime\Nvidia\DLSS\Binaries\ThirdParty\Win64\nvngx_dlssd.dll
2024-11-12 21:48:20,568 - DEBUG - Checking whitelist for: E:\SteamLibrary\steamapps\common\BlackMythWukong\Engine\Plugins\Runtime\Nvidia\DLSS\Binaries\ThirdParty\Win64\nvngx_dlssd.dll
2024-11-12 21:48:20,568 - DEBUG - Checking against whitelisted game: EVIL DEAD The Game
2024-11-12 21:48:20,568 - DEBUG - Checking against whitelisted game: Squad
2024-11-12 21:48:20,568 - DEBUG - Checking against whitelisted game: Squad 44
2024-11-12 21:48:20,568 - DEBUG - Checking against whitelisted game: 3DMark
2024-11-12 21:48:20,569 - DEBUG - Checking against whitelisted game: Fortnite
2024-11-12 21:48:20,569 - DEBUG - Checking against whitelisted game: Escape from Tarkov Arena
2024-11-12 21:48:20,569 - DEBUG - Checking against whitelisted game: Escape From Tarkov
2024-11-12 21:48:20,569 - DEBUG - Checking against whitelisted game: Space Marine 2
2024-11-12 21:48:20,569 - DEBUG - Checking against whitelisted game: The First Descendant
2024-11-12 21:48:20,569 - DEBUG - Checking against whitelisted game: Chivalry 2
2024-11-12 21:48:20,569 - DEBUG - Checking against whitelisted game: StarshipTroopersExtermination
2024-11-12 21:48:20,569 - DEBUG - Checking against whitelisted game: Planetside 2
2024-11-12 21:48:20,569 - DEBUG - Checking against whitelisted game: Throne and Liberty
2024-11-12 21:48:20,569 - DEBUG - Checking against whitelisted game: Back 4 Blood
2024-11-12 21:48:20,569 - DEBUG - Checking against whitelisted game: Need For Speed Unbound
2024-11-12 21:48:20,569 - DEBUG - Checking against whitelisted game: Dark and Darker
2024-11-12 21:48:20,569 - DEBUG - Checking against whitelisted game: Hunt Showdown
2024-11-12 21:48:20,569 - DEBUG - Checking against whitelisted game: AFOP
2024-11-12 21:48:20,569 - DEBUG - No whitelist match found for: E:\SteamLibrary\steamapps\common\BlackMythWukong\Engine\Plugins\Runtime\Nvidia\DLSS\Binaries\ThirdParty\Win64\nvngx_dlssd.dll
2024-11-12 21:48:20,569 - INFO -  - DLSS Frame Generation DLL: E:\SteamLibrary\steamapps\common\BlackMythWukong\Engine\Plugins\Runtime\Nvidia\Streamline\Binaries\ThirdParty\Win64\nvngx_dlssg.dll
2024-11-12 21:48:20,569 - DEBUG - Checking whitelist for: E:\SteamLibrary\steamapps\common\BlackMythWukong\Engine\Plugins\Runtime\Nvidia\Streamline\Binaries\ThirdParty\Win64\nvngx_dlssg.dll
2024-11-12 21:48:20,569 - DEBUG - Checking against whitelisted game: EVIL DEAD The Game
2024-11-12 21:48:20,569 - DEBUG - Checking against whitelisted game: Squad
2024-11-12 21:48:20,569 - DEBUG - Checking against whitelisted game: Squad 44
2024-11-12 21:48:20,570 - DEBUG - Checking against whitelisted game: 3DMark
2024-11-12 21:48:20,570 - DEBUG - Checking against whitelisted game: Fortnite
2024-11-12 21:48:20,570 - DEBUG - Checking against whitelisted game: Escape from Tarkov Arena
2024-11-12 21:48:20,570 - DEBUG - Checking against whitelisted game: Escape From Tarkov
2024-11-12 21:48:20,570 - DEBUG - Checking against whitelisted game: Space Marine 2
2024-11-12 21:48:20,570 - DEBUG - Checking against whitelisted game: The First Descendant
2024-11-12 21:48:20,570 - DEBUG - Checking against whitelisted game: Chivalry 2
2024-11-12 21:48:20,570 - DEBUG - Checking against whitelisted game: StarshipTroopersExtermination
2024-11-12 21:48:20,570 - DEBUG - Checking against whitelisted game: Planetside 2
2024-11-12 21:48:20,570 - DEBUG - Checking against whitelisted game: Throne and Liberty
2024-11-12 21:48:20,570 - DEBUG - Checking against whitelisted game: Back 4 Blood
2024-11-12 21:48:20,570 - DEBUG - Checking against whitelisted game: Need For Speed Unbound
2024-11-12 21:48:20,570 - DEBUG - Checking against whitelisted game: Dark and Darker
2024-11-12 21:48:20,570 - DEBUG - Checking against whitelisted game: Hunt Showdown
2024-11-12 21:48:20,570 - DEBUG - Checking against whitelisted game: AFOP
2024-11-12 21:48:20,570 - DEBUG - No whitelist match found for: E:\SteamLibrary\steamapps\common\BlackMythWukong\Engine\Plugins\Runtime\Nvidia\Streamline\Binaries\ThirdParty\Win64\nvngx_dlssg.dll
2024-11-12 21:48:20,570 - INFO -  - DLSS DLL: E:\SteamLibrary\steamapps\common\Ghost of Tsushima DIRECTOR'S CUT\nvngx_dlss.dll
2024-11-12 21:48:20,571 - DEBUG - Checking whitelist for: E:\SteamLibrary\steamapps\common\Ghost of Tsushima DIRECTOR'S CUT\nvngx_dlss.dll
2024-11-12 21:48:20,571 - DEBUG - Checking against whitelisted game: EVIL DEAD The Game
2024-11-12 21:48:20,571 - DEBUG - Checking against whitelisted game: Squad
2024-11-12 21:48:20,571 - DEBUG - Checking against whitelisted game: Squad 44
2024-11-12 21:48:20,571 - DEBUG - Checking against whitelisted game: 3DMark
2024-11-12 21:48:20,571 - DEBUG - Checking against whitelisted game: Fortnite
2024-11-12 21:48:20,571 - DEBUG - Checking against whitelisted game: Escape from Tarkov Arena
2024-11-12 21:48:20,571 - DEBUG - Checking against whitelisted game: Escape From Tarkov
2024-11-12 21:48:20,571 - DEBUG - Checking against whitelisted game: Space Marine 2
2024-11-12 21:48:20,571 - DEBUG - Checking against whitelisted game: The First Descendant
2024-11-12 21:48:20,571 - DEBUG - Checking against whitelisted game: Chivalry 2
2024-11-12 21:48:20,571 - DEBUG - Checking against whitelisted game: StarshipTroopersExtermination
2024-11-12 21:48:20,571 - DEBUG - Checking against whitelisted game: Planetside 2
2024-11-12 21:48:20,571 - DEBUG - Checking against whitelisted game: Throne and Liberty
2024-11-12 21:48:20,571 - DEBUG - Checking against whitelisted game: Back 4 Blood
2024-11-12 21:48:20,572 - DEBUG - Checking against whitelisted game: Need For Speed Unbound
2024-11-12 21:48:20,572 - DEBUG - Checking against whitelisted game: Dark and Darker
2024-11-12 21:48:20,572 - DEBUG - Checking against whitelisted game: Hunt Showdown
2024-11-12 21:48:20,572 - DEBUG - Checking against whitelisted game: AFOP
2024-11-12 21:48:20,572 - DEBUG - No whitelist match found for: E:\SteamLibrary\steamapps\common\Ghost of Tsushima DIRECTOR'S CUT\nvngx_dlss.dll
2024-11-12 21:48:20,572 - INFO -  - DLSS Frame Generation DLL: E:\SteamLibrary\steamapps\common\Ghost of Tsushima DIRECTOR'S CUT\nvngx_dlssg.dll
2024-11-12 21:48:20,572 - DEBUG - Checking whitelist for: E:\SteamLibrary\steamapps\common\Ghost of Tsushima DIRECTOR'S CUT\nvngx_dlssg.dll
2024-11-12 21:48:20,572 - DEBUG - Checking against whitelisted game: EVIL DEAD The Game
2024-11-12 21:48:20,572 - DEBUG - Checking against whitelisted game: Squad
2024-11-12 21:48:20,572 - DEBUG - Checking against whitelisted game: Squad 44
2024-11-12 21:48:20,572 - DEBUG - Checking against whitelisted game: 3DMark
2024-11-12 21:48:20,572 - DEBUG - Checking against whitelisted game: Fortnite
2024-11-12 21:48:20,572 - DEBUG - Checking against whitelisted game: Escape from Tarkov Arena
2024-11-12 21:48:20,572 - DEBUG - Checking against whitelisted game: Escape From Tarkov
2024-11-12 21:48:20,572 - DEBUG - Checking against whitelisted game: Space Marine 2
2024-11-12 21:48:20,572 - DEBUG - Checking against whitelisted game: The First Descendant
2024-11-12 21:48:20,572 - DEBUG - Checking against whitelisted game: Chivalry 2
2024-11-12 21:48:20,572 - DEBUG - Checking against whitelisted game: StarshipTroopersExtermination
2024-11-12 21:48:20,572 - DEBUG - Checking against whitelisted game: Planetside 2
2024-11-12 21:48:20,572 - DEBUG - Checking against whitelisted game: Throne and Liberty
2024-11-12 21:48:20,572 - DEBUG - Checking against whitelisted game: Back 4 Blood
2024-11-12 21:48:20,573 - DEBUG - Checking against whitelisted game: Need For Speed Unbound
2024-11-12 21:48:20,573 - DEBUG - Checking against whitelisted game: Dark and Darker
2024-11-12 21:48:20,573 - DEBUG - Checking against whitelisted game: Hunt Showdown
2024-11-12 21:48:20,573 - DEBUG - Checking against whitelisted game: AFOP
2024-11-12 21:48:20,573 - DEBUG - No whitelist match found for: E:\SteamLibrary\steamapps\common\Ghost of Tsushima DIRECTOR'S CUT\nvngx_dlssg.dll
2024-11-12 21:48:20,573 - INFO -  - DLSS DLL: E:\SteamLibrary\steamapps\common\No Man's Sky\Binaries\nvngx_dlss.dll
2024-11-12 21:48:20,573 - DEBUG - Checking whitelist for: E:\SteamLibrary\steamapps\common\No Man's Sky\Binaries\nvngx_dlss.dll
2024-11-12 21:48:20,573 - DEBUG - Checking against whitelisted game: EVIL DEAD The Game
2024-11-12 21:48:20,573 - DEBUG - Checking against whitelisted game: Squad
2024-11-12 21:48:20,573 - DEBUG - Checking against whitelisted game: Squad 44
2024-11-12 21:48:20,573 - DEBUG - Checking against whitelisted game: 3DMark
2024-11-12 21:48:20,573 - DEBUG - Checking against whitelisted game: Fortnite
2024-11-12 21:48:20,573 - DEBUG - Checking against whitelisted game: Escape from Tarkov Arena
2024-11-12 21:48:20,573 - DEBUG - Checking against whitelisted game: Escape From Tarkov
2024-11-12 21:48:20,573 - DEBUG - Checking against whitelisted game: Space Marine 2
2024-11-12 21:48:20,573 - DEBUG - Checking against whitelisted game: The First Descendant
2024-11-12 21:48:20,574 - DEBUG - Checking against whitelisted game: Chivalry 2
2024-11-12 21:48:20,574 - DEBUG - Checking against whitelisted game: StarshipTroopersExtermination
2024-11-12 21:48:20,574 - DEBUG - Checking against whitelisted game: Planetside 2
2024-11-12 21:48:20,574 - DEBUG - Checking against whitelisted game: Throne and Liberty
2024-11-12 21:48:20,574 - DEBUG - Checking against whitelisted game: Back 4 Blood
2024-11-12 21:48:20,574 - DEBUG - Checking against whitelisted game: Need For Speed Unbound
2024-11-12 21:48:20,574 - DEBUG - Checking against whitelisted game: Dark and Darker
2024-11-12 21:48:20,574 - DEBUG - Checking against whitelisted game: Hunt Showdown
2024-11-12 21:48:20,574 - DEBUG - Checking against whitelisted game: AFOP
2024-11-12 21:48:20,574 - DEBUG - No whitelist match found for: E:\SteamLibrary\steamapps\common\No Man's Sky\Binaries\nvngx_dlss.dll
2024-11-12 21:48:20,574 - INFO -  - DLSS Frame Generation DLL: E:\SteamLibrary\steamapps\common\No Man's Sky\Binaries\nvngx_dlssg.dll
2024-11-12 21:48:20,575 - DEBUG - Checking whitelist for: E:\SteamLibrary\steamapps\common\No Man's Sky\Binaries\nvngx_dlssg.dll
2024-11-12 21:48:20,575 - DEBUG - Checking against whitelisted game: EVIL DEAD The Game
2024-11-12 21:48:20,575 - DEBUG - Checking against whitelisted game: Squad
2024-11-12 21:48:20,575 - DEBUG - Checking against whitelisted game: Squad 44
2024-11-12 21:48:20,575 - DEBUG - Checking against whitelisted game: 3DMark
2024-11-12 21:48:20,575 - DEBUG - Checking against whitelisted game: Fortnite
2024-11-12 21:48:20,575 - DEBUG - Checking against whitelisted game: Escape from Tarkov Arena
2024-11-12 21:48:20,575 - DEBUG - Checking against whitelisted game: Escape From Tarkov
2024-11-12 21:48:20,576 - DEBUG - Checking against whitelisted game: Space Marine 2
2024-11-12 21:48:20,576 - DEBUG - Checking against whitelisted game: The First Descendant
2024-11-12 21:48:20,576 - DEBUG - Checking against whitelisted game: Chivalry 2
2024-11-12 21:48:20,576 - DEBUG - Checking against whitelisted game: StarshipTroopersExtermination
2024-11-12 21:48:20,576 - DEBUG - Checking against whitelisted game: Planetside 2
2024-11-12 21:48:20,576 - DEBUG - Checking against whitelisted game: Throne and Liberty
2024-11-12 21:48:20,576 - DEBUG - Checking against whitelisted game: Back 4 Blood
2024-11-12 21:48:20,576 - DEBUG - Checking against whitelisted game: Need For Speed Unbound
2024-11-12 21:48:20,576 - DEBUG - Checking against whitelisted game: Dark and Darker
2024-11-12 21:48:20,576 - DEBUG - Checking against whitelisted game: Hunt Showdown
2024-11-12 21:48:20,576 - DEBUG - Checking against whitelisted game: AFOP
2024-11-12 21:48:20,576 - DEBUG - No whitelist match found for: E:\SteamLibrary\steamapps\common\No Man's Sky\Binaries\nvngx_dlssg.dll
2024-11-12 21:48:20,576 - INFO -  - DLSS DLL: E:\SteamLibrary\steamapps\common\Overwatch\nvngx_dlss.dll
2024-11-12 21:48:20,576 - DEBUG - Checking whitelist for: E:\SteamLibrary\steamapps\common\Overwatch\nvngx_dlss.dll
2024-11-12 21:48:20,576 - DEBUG - Checking against whitelisted game: EVIL DEAD The Game
2024-11-12 21:48:20,576 - DEBUG - Checking against whitelisted game: Squad
2024-11-12 21:48:20,576 - DEBUG - Checking against whitelisted game: Squad 44
2024-11-12 21:48:20,576 - DEBUG - Checking against whitelisted game: 3DMark
2024-11-12 21:48:20,576 - DEBUG - Checking against whitelisted game: Fortnite
2024-11-12 21:48:20,577 - DEBUG - Checking against whitelisted game: Escape from Tarkov Arena
2024-11-12 21:48:20,577 - DEBUG - Checking against whitelisted game: Escape From Tarkov
2024-11-12 21:48:20,577 - DEBUG - Checking against whitelisted game: Space Marine 2
2024-11-12 21:48:20,577 - DEBUG - Checking against whitelisted game: The First Descendant
2024-11-12 21:48:20,577 - DEBUG - Checking against whitelisted game: Chivalry 2
2024-11-12 21:48:20,577 - DEBUG - Checking against whitelisted game: StarshipTroopersExtermination
2024-11-12 21:48:20,577 - DEBUG - Checking against whitelisted game: Planetside 2
2024-11-12 21:48:20,577 - DEBUG - Checking against whitelisted game: Throne and Liberty
2024-11-12 21:48:20,577 - DEBUG - Checking against whitelisted game: Back 4 Blood
2024-11-12 21:48:20,577 - DEBUG - Checking against whitelisted game: Need For Speed Unbound
2024-11-12 21:48:20,577 - DEBUG - Checking against whitelisted game: Dark and Darker
2024-11-12 21:48:20,577 - DEBUG - Checking against whitelisted game: Hunt Showdown
2024-11-12 21:48:20,577 - DEBUG - Checking against whitelisted game: AFOP
2024-11-12 21:48:20,577 - DEBUG - No whitelist match found for: E:\SteamLibrary\steamapps\common\Overwatch\nvngx_dlss.dll
2024-11-12 21:48:20,577 - INFO - 
Updating DLLs...
2024-11-12 21:48:20,585 - INFO - Checking DLL at C:\Program Files (x86)\Steam\steamapps\common\Delta Force Demo\Game\DeltaForce\Plugins\Runtime\Nvidia\DLSS\Binaries\ThirdParty\Win64\nvngx_dlss.dll...
2024-11-12 21:48:22,294 - INFO - Existing version: 3,1,1,0, Latest version: 3,8,10,0
2024-11-12 21:48:22,294 - INFO - Update needed: 3,1,1,0 -> 3,8,10,0
2024-11-12 21:48:22,295 - INFO - Preparing to update...
2024-11-12 21:48:22,295 - INFO - Creating backup...
2024-11-12 21:48:22,302 - INFO - Checking DLL at C:\Program Files (x86)\Steam\steamapps\common\Delta Force Demo\Game\DeltaForce\Plugins\Runtime\Nvidia\Sreamline\Binaries\ThirdParty\Win64\nvngx_dlssg.dll...
2024-11-12 21:48:23,090 - INFO - Existing version: 3,1,0,0, Latest version: 3,7,10,0
2024-11-12 21:48:23,090 - INFO - Update needed: 3,1,0,0 -> 3,7,10,0
2024-11-12 21:48:23,091 - INFO - Preparing to update...
2024-11-12 21:48:23,091 - INFO - Creating backup...
2024-11-12 21:48:23,096 - INFO - Checking DLL at D:\SteamLibrary\steamapps\common\Tom Clancy's Rainbow Six Siege\nvngx_dlss.dll...
2024-11-12 21:48:25,043 - INFO - Existing version: 3,7,20,0, Latest version: 3,8,10,0
2024-11-12 21:48:25,043 - INFO - Update needed: 3,7,20,0 -> 3,8,10,0
2024-11-12 21:48:25,043 - INFO - Preparing to update...
2024-11-12 21:48:25,044 - INFO - Creating backup...
2024-11-12 21:48:25,057 - INFO - Checking DLL at E:\SteamLibrary\steamapps\common\7 Days To Die\nvngx_dlss.dll...
2024-11-12 21:48:27,142 - INFO - Existing version: 3,7,20,0, Latest version: 3,8,10,0
2024-11-12 21:48:27,143 - INFO - Update needed: 3,7,20,0 -> 3,8,10,0
2024-11-12 21:48:27,143 - INFO - Preparing to update...
2024-11-12 21:48:27,143 - INFO - Creating backup...
2024-11-12 21:48:27,147 - INFO - Checking DLL at E:\SteamLibrary\steamapps\common\Battlefield 2042\nvngx_dlss.dll...
2024-11-12 21:48:29,161 - INFO - Existing version: 3,7,20,0, Latest version: 3,8,10,0
2024-11-12 21:48:29,161 - INFO - Update needed: 3,7,20,0 -> 3,8,10,0
2024-11-12 21:48:29,162 - INFO - Preparing to update...
2024-11-12 21:48:29,162 - INFO - Creating backup...
2024-11-12 21:48:29,166 - INFO - Checking DLL at E:\SteamLibrary\steamapps\common\BlackMythWukong\Engine\Plugins\Runtime\Nvidia\DLSS\Binaries\ThirdParty\Win64\nvngx_dlss.dll...
2024-11-12 21:48:31,112 - INFO - Existing version: 3,7,20,0, Latest version: 3,8,10,0
2024-11-12 21:48:31,112 - INFO - Update needed: 3,7,20,0 -> 3,8,10,0
2024-11-12 21:48:31,112 - INFO - Preparing to update...
2024-11-12 21:48:31,113 - INFO - Creating backup...
2024-11-12 21:48:31,116 - INFO - Checking DLL at E:\SteamLibrary\steamapps\common\BlackMythWukong\Engine\Plugins\Runtime\Nvidia\DLSS\Binaries\ThirdParty\Win64\nvngx_dlssd.dll...
2024-11-12 21:48:33,462 - INFO - Existing version: 3,7,10,0, Latest version: 3,7,10,0
2024-11-12 21:48:33,463 - INFO - E:\SteamLibrary\steamapps\common\BlackMythWukong\Engine\Plugins\Runtime\Nvidia\DLSS\Binaries\ThirdParty\Win64\nvngx_dlssd.dll is already up-to-date (version 3,7,10,0).
2024-11-12 21:48:33,467 - INFO - Checking DLL at E:\SteamLibrary\steamapps\common\BlackMythWukong\Engine\Plugins\Runtime\Nvidia\Streamline\Binaries\ThirdParty\Win64\nvngx_dlssg.dll...
2024-11-12 21:48:34,149 - INFO - Existing version: 3,7,10,0, Latest version: 3,7,10,0
2024-11-12 21:48:34,149 - INFO - E:\SteamLibrary\steamapps\common\BlackMythWukong\Engine\Plugins\Runtime\Nvidia\Streamline\Binaries\ThirdParty\Win64\nvngx_dlssg.dll is already up-to-date (version 3,7,10,0).
2024-11-12 21:48:34,150 - INFO - Checking DLL at E:\SteamLibrary\steamapps\common\Ghost of Tsushima DIRECTOR'S CUT\nvngx_dlss.dll...
2024-11-12 21:48:36,226 - INFO - Existing version: 3,7,20,0, Latest version: 3,8,10,0
2024-11-12 21:48:36,226 - INFO - Update needed: 3,7,20,0 -> 3,8,10,0
2024-11-12 21:48:36,226 - INFO - Preparing to update...
2024-11-12 21:48:36,226 - INFO - Creating backup...
2024-11-12 21:48:36,231 - INFO - Checking DLL at E:\SteamLibrary\steamapps\common\Ghost of Tsushima DIRECTOR'S CUT\nvngx_dlssg.dll...
2024-11-12 21:48:36,915 - INFO - Existing version: 3,7,10,0, Latest version: 3,7,10,0
2024-11-12 21:48:36,915 - INFO - E:\SteamLibrary\steamapps\common\Ghost of Tsushima DIRECTOR'S CUT\nvngx_dlssg.dll is already up-to-date (version 3,7,10,0).
2024-11-12 21:48:36,916 - INFO - Checking DLL at E:\SteamLibrary\steamapps\common\No Man's Sky\Binaries\nvngx_dlss.dll...
2024-11-12 21:48:38,917 - INFO - Existing version: 3,7,20,0, Latest version: 3,8,10,0
2024-11-12 21:48:38,917 - INFO - Update needed: 3,7,20,0 -> 3,8,10,0
2024-11-12 21:48:38,918 - INFO - Preparing to update...
2024-11-12 21:48:38,918 - INFO - Creating backup...
2024-11-12 21:48:38,922 - INFO - Checking DLL at E:\SteamLibrary\steamapps\common\No Man's Sky\Binaries\nvngx_dlssg.dll...
2024-11-12 21:48:39,598 - INFO - Existing version: 3,7,10,0, Latest version: 3,7,10,0
2024-11-12 21:48:39,599 - INFO - E:\SteamLibrary\steamapps\common\No Man's Sky\Binaries\nvngx_dlssg.dll is already up-to-date (version 3,7,10,0).
2024-11-12 21:48:39,599 - INFO - Checking DLL at E:\SteamLibrary\steamapps\common\Overwatch\nvngx_dlss.dll...
2024-11-12 21:48:41,657 - INFO - Existing version: 3,5,0,0, Latest version: 3,8,10,0
2024-11-12 21:48:41,657 - INFO - Update needed: 3,5,0,0 -> 3,8,10,0
2024-11-12 21:48:41,657 - INFO - Preparing to update...
2024-11-12 21:48:41,657 - INFO - Creating backup...
2024-11-12 21:48:41,658 - INFO - Created backup: C:\Program Files (x86)\Steam\steamapps\common\Delta Force Demo\Game\DeltaForce\Plugins\Runtime\Nvidia\DLSS\Binaries\ThirdParty\Win64\nvngx_dlss.dlsss
2024-11-12 21:48:41,658 - INFO - Checking file permissions...
2024-11-12 21:48:41,658 - INFO - Checking if file is in use...
2024-11-12 21:48:41,658 - INFO - Created backup: C:\Program Files (x86)\Steam\steamapps\common\Delta Force Demo\Game\DeltaForce\Plugins\Runtime\Nvidia\Sreamline\Binaries\ThirdParty\Win64\nvngx_dlssg.dlsss
2024-11-12 21:48:41,658 - INFO - Checking file permissions...
2024-11-12 21:48:41,658 - INFO - Checking if file is in use...
2024-11-12 21:48:41,658 - INFO - Created backup: D:\SteamLibrary\steamapps\common\Tom Clancy's Rainbow Six Siege\nvngx_dlss.dlsss
2024-11-12 21:48:41,658 - INFO - Checking file permissions...
2024-11-12 21:48:41,658 - INFO - Removing read-only attribute from D:\SteamLibrary\steamapps\common\Tom Clancy's Rainbow Six Siege\nvngx_dlss.dll
2024-11-12 21:48:41,658 - INFO - Checking if file is in use...
2024-11-12 21:48:41,659 - INFO - Created backup: E:\SteamLibrary\steamapps\common\7 Days To Die\nvngx_dlss.dlsss
2024-11-12 21:48:41,659 - INFO - Checking file permissions...
2024-11-12 21:48:41,659 - INFO - Removing read-only attribute from E:\SteamLibrary\steamapps\common\7 Days To Die\nvngx_dlss.dll
2024-11-12 21:48:41,659 - INFO - Checking if file is in use...
2024-11-12 21:48:41,659 - INFO - Created backup: E:\SteamLibrary\steamapps\common\Battlefield 2042\nvngx_dlss.dlsss
2024-11-12 21:48:41,659 - INFO - Checking file permissions...
2024-11-12 21:48:41,659 - INFO - Removing read-only attribute from E:\SteamLibrary\steamapps\common\Battlefield 2042\nvngx_dlss.dll
2024-11-12 21:48:41,659 - INFO - Checking if file is in use...
2024-11-12 21:48:41,659 - INFO - Created backup: E:\SteamLibrary\steamapps\common\BlackMythWukong\Engine\Plugins\Runtime\Nvidia\DLSS\Binaries\ThirdParty\Win64\nvngx_dlss.dlsss
2024-11-12 21:48:41,659 - INFO - Checking file permissions...
2024-11-12 21:48:41,660 - INFO - Removing read-only attribute from E:\SteamLibrary\steamapps\common\BlackMythWukong\Engine\Plugins\Runtime\Nvidia\DLSS\Binaries\ThirdParty\Win64\nvngx_dlss.dll
2024-11-12 21:48:41,660 - INFO - Checking if file is in use...
2024-11-12 21:48:41,660 - INFO - Created backup: E:\SteamLibrary\steamapps\common\Ghost of Tsushima DIRECTOR'S CUT\nvngx_dlss.dlsss
2024-11-12 21:48:41,660 - INFO - Checking file permissions...
2024-11-12 21:48:41,660 - INFO - Removing read-only attribute from E:\SteamLibrary\steamapps\common\Ghost of Tsushima DIRECTOR'S CUT\nvngx_dlss.dll
2024-11-12 21:48:41,660 - INFO - Checking if file is in use...
2024-11-12 21:48:41,660 - INFO - Created backup: E:\SteamLibrary\steamapps\common\No Man's Sky\Binaries\nvngx_dlss.dlsss
2024-11-12 21:48:41,660 - INFO - Checking file permissions...
2024-11-12 21:48:41,660 - INFO - Removing read-only attribute from E:\SteamLibrary\steamapps\common\No Man's Sky\Binaries\nvngx_dlss.dll
2024-11-12 21:48:41,661 - INFO - Checking if file is in use...
2024-11-12 21:48:41,661 - INFO - Starting file copy...
2024-11-12 21:48:41,661 - INFO - Starting file copy...
2024-11-12 21:48:41,662 - INFO - Starting file copy...
2024-11-12 21:48:41,662 - INFO - Starting file copy...
2024-11-12 21:48:41,662 - INFO - Starting file copy...
2024-11-12 21:48:41,663 - INFO - Starting file copy...
2024-11-12 21:48:41,663 - INFO - Starting file copy...
2024-11-12 21:48:41,664 - INFO - Starting file copy...
2024-11-12 21:48:41,670 - INFO - File copy completed.
2024-11-12 21:48:41,670 - INFO - Successfully updated C:\Program Files (x86)\Steam\steamapps\common\Delta Force Demo\Game\DeltaForce\Plugins\Runtime\Nvidia\Sreamline\Binaries\ThirdParty\Win64\nvngx_dlssg.dll from version 3,1,0,0 to 3,7,10,0.
2024-11-12 21:48:41,686 - INFO - Created backup: E:\SteamLibrary\steamapps\common\Overwatch\nvngx_dlss.dlsss
2024-11-12 21:48:41,686 - INFO - Checking file permissions...
2024-11-12 21:48:41,686 - INFO - Checking if file is in use...
2024-11-12 21:48:41,686 - INFO - Starting file copy...
2024-11-12 21:48:41,688 - INFO - File copy completed.
2024-11-12 21:48:41,688 - INFO - Successfully updated C:\Program Files (x86)\Steam\steamapps\common\Delta Force Demo\Game\DeltaForce\Plugins\Runtime\Nvidia\DLSS\Binaries\ThirdParty\Win64\nvngx_dlss.dll from version 3,1,1,0 to 3,8,10,0.
2024-11-12 21:48:41,688 - INFO - File copy completed.
2024-11-12 21:48:41,689 - INFO - Successfully updated D:\SteamLibrary\steamapps\common\Tom Clancy's Rainbow Six Siege\nvngx_dlss.dll from version 3,7,20,0 to 3,8,10,0.
2024-11-12 21:48:41,690 - INFO - File copy completed.
2024-11-12 21:48:41,690 - INFO - Successfully updated E:\SteamLibrary\steamapps\common\Battlefield 2042\nvngx_dlss.dll from version 3,7,20,0 to 3,8,10,0.
2024-11-12 21:48:41,691 - INFO - File copy completed.
2024-11-12 21:48:41,691 - INFO - Successfully updated E:\SteamLibrary\steamapps\common\7 Days To Die\nvngx_dlss.dll from version 3,7,20,0 to 3,8,10,0.
2024-11-12 21:48:41,691 - INFO - File copy completed.
2024-11-12 21:48:41,691 - INFO - Successfully updated E:\SteamLibrary\steamapps\common\BlackMythWukong\Engine\Plugins\Runtime\Nvidia\DLSS\Binaries\ThirdParty\Win64\nvngx_dlss.dll from version 3,7,20,0 to 3,8,10,0.
2024-11-12 21:48:41,691 - INFO - File copy completed.
2024-11-12 21:48:41,691 - INFO - Successfully updated E:\SteamLibrary\steamapps\common\No Man's Sky\Binaries\nvngx_dlss.dll from version 3,7,20,0 to 3,8,10,0.
2024-11-12 21:48:41,692 - INFO - File copy completed.
2024-11-12 21:48:41,692 - INFO - Successfully updated E:\SteamLibrary\steamapps\common\Ghost of Tsushima DIRECTOR'S CUT\nvngx_dlss.dll from version 3,7,20,0 to 3,8,10,0.
2024-11-12 21:48:41,699 - INFO - File copy completed.
2024-11-12 21:48:41,700 - INFO - Successfully updated E:\SteamLibrary\steamapps\common\Overwatch\nvngx_dlss.dll from version 3,5,0,0 to 3,8,10,0.
2024-11-12 21:48:41,700 - INFO - Successfully updated DLSS DLL at C:\Program Files (x86)\Steam\steamapps\common\Delta Force Demo\Game\DeltaForce\Plugins\Runtime\Nvidia\DLSS\Binaries\ThirdParty\Win64\nvngx_dlss.dll.
2024-11-12 21:48:41,700 - INFO - Successfully updated DLSS Frame Generation DLL at C:\Program Files (x86)\Steam\steamapps\common\Delta Force Demo\Game\DeltaForce\Plugins\Runtime\Nvidia\Sreamline\Binaries\ThirdParty\Win64\nvngx_dlssg.dll.
2024-11-12 21:48:41,700 - INFO - Successfully updated DLSS DLL at D:\SteamLibrary\steamapps\common\Tom Clancy's Rainbow Six Siege\nvngx_dlss.dll.
2024-11-12 21:48:41,700 - INFO - Successfully updated DLSS DLL at E:\SteamLibrary\steamapps\common\7 Days To Die\nvngx_dlss.dll.
2024-11-12 21:48:41,700 - INFO - Successfully updated DLSS DLL at E:\SteamLibrary\steamapps\common\Battlefield 2042\nvngx_dlss.dll.
2024-11-12 21:48:41,700 - INFO - Successfully updated DLSS DLL at E:\SteamLibrary\steamapps\common\BlackMythWukong\Engine\Plugins\Runtime\Nvidia\DLSS\Binaries\ThirdParty\Win64\nvngx_dlss.dll.
2024-11-12 21:48:41,700 - INFO - Failed to update DLSS Ray Reconstruction DLL at E:\SteamLibrary\steamapps\common\BlackMythWukong\Engine\Plugins\Runtime\Nvidia\DLSS\Binaries\ThirdParty\Win64\nvngx_dlssd.dll.
2024-11-12 21:48:41,701 - INFO - Failed to update DLSS Frame Generation DLL at E:\SteamLibrary\steamapps\common\BlackMythWukong\Engine\Plugins\Runtime\Nvidia\Streamline\Binaries\ThirdParty\Win64\nvngx_dlssg.dll.
2024-11-12 21:48:41,701 - INFO - Successfully updated DLSS DLL at E:\SteamLibrary\steamapps\common\Ghost of Tsushima DIRECTOR'S CUT\nvngx_dlss.dll.
2024-11-12 21:48:41,701 - INFO - Failed to update DLSS Frame Generation DLL at E:\SteamLibrary\steamapps\common\Ghost of Tsushima DIRECTOR'S CUT\nvngx_dlssg.dll.
2024-11-12 21:48:41,701 - INFO - Successfully updated DLSS DLL at E:\SteamLibrary\steamapps\common\No Man's Sky\Binaries\nvngx_dlss.dll.
2024-11-12 21:48:41,701 - INFO - Failed to update DLSS Frame Generation DLL at E:\SteamLibrary\steamapps\common\No Man's Sky\Binaries\nvngx_dlssg.dll.
2024-11-12 21:48:41,701 - INFO - Successfully updated DLSS DLL at E:\SteamLibrary\steamapps\common\Overwatch\nvngx_dlss.dll.
2024-11-12 21:48:41,701 - INFO - DLL updates completed.
2024-11-12 21:48:41,701 - INFO - 
Summary:
2024-11-12 21:48:41,701 - INFO - 
2024-11-12 21:48:41,701 - INFO - Games updated successfully:
2024-11-12 21:48:41,702 - INFO -  - Delta Force Demo - Steam (DLSS DLL)
2024-11-12 21:48:41,702 - INFO -  - Delta Force Demo - Steam (DLSS Frame Generation DLL)
2024-11-12 21:48:41,702 - INFO -  - Tom Clancy's Rainbow Six Siege - Steam (DLSS DLL)
2024-11-12 21:48:41,702 - INFO -  - 7 Days To Die - Steam (DLSS DLL)
2024-11-12 21:48:41,702 - INFO -  - Battlefield 2042 - Steam (DLSS DLL)
2024-11-12 21:48:41,702 - INFO -  - BlackMythWukong - Steam (DLSS DLL)
2024-11-12 21:48:41,702 - INFO -  - Ghost of Tsushima DIRECTOR'S CUT - Steam (DLSS DLL)
2024-11-12 21:48:41,702 - INFO -  - No Man's Sky - Steam (DLSS DLL)
2024-11-12 21:48:41,702 - INFO -  - Overwatch - Steam (DLSS DLL)
2024-11-12 21:48:41,703 - INFO - 
Successful backups:
2024-11-12 21:48:41,703 - INFO -  - Delta Force Demo: C:\Program Files (x86)\Steam\steamapps\common\Delta Force Demo\Game\DeltaForce\Plugins\Runtime\Nvidia\DLSS\Binaries\ThirdParty\Win64\nvngx_dlss.dlsss (DLSS DLL)
2024-11-12 21:48:41,703 - INFO -  - Delta Force Demo: C:\Program Files (x86)\Steam\steamapps\common\Delta Force Demo\Game\DeltaForce\Plugins\Runtime\Nvidia\Sreamline\Binaries\ThirdParty\Win64\nvngx_dlssg.dlsss (DLSS Frame Generation DLL)
2024-11-12 21:48:41,703 - INFO -  - Tom Clancy's Rainbow Six Siege: D:\SteamLibrary\steamapps\common\Tom Clancy's Rainbow Six Siege\nvngx_dlss.dlsss (DLSS DLL)
2024-11-12 21:48:41,703 - INFO -  - 7 Days To Die: E:\SteamLibrary\steamapps\common\7 Days To Die\nvngx_dlss.dlsss (DLSS DLL)
2024-11-12 21:48:41,703 - INFO -  - Battlefield 2042: E:\SteamLibrary\steamapps\common\Battlefield 2042\nvngx_dlss.dlsss (DLSS DLL)
2024-11-12 21:48:41,703 - INFO -  - BlackMythWukong: E:\SteamLibrary\steamapps\common\BlackMythWukong\Engine\Plugins\Runtime\Nvidia\DLSS\Binaries\ThirdParty\Win64\nvngx_dlss.dlsss (DLSS DLL)
2024-11-12 21:48:41,703 - INFO -  - Ghost of Tsushima DIRECTOR'S CUT: E:\SteamLibrary\steamapps\common\Ghost of Tsushima DIRECTOR'S CUT\nvngx_dlss.dlsss (DLSS DLL)
2024-11-12 21:48:41,703 - INFO -  - No Man's Sky: E:\SteamLibrary\steamapps\common\No Man's Sky\Binaries\nvngx_dlss.dlsss (DLSS DLL)
2024-11-12 21:48:41,703 - INFO -  - Overwatch: E:\SteamLibrary\steamapps\common\Overwatch\nvngx_dlss.dlsss (DLSS DLL)
2024-11-12 21:48:41,703 - INFO - 
Games skipped:
2024-11-12 21:48:41,703 - INFO -  - BlackMythWukong - Steam (DLSS Ray Reconstruction DLL) (Reason: Update failed)
2024-11-12 21:48:41,704 - INFO -  - BlackMythWukong - Steam (DLSS Frame Generation DLL) (Reason: Update failed)
2024-11-12 21:48:41,704 - INFO -  - Ghost of Tsushima DIRECTOR'S CUT - Steam (DLSS Frame Generation DLL) (Reason: Update failed)
2024-11-12 21:48:41,704 - INFO -  - No Man's Sky - Steam (DLSS Frame Generation DLL) (Reason: Update failed)
2024-11-12 21:48:50,973 - INFO - Application exiting.
